{"/www/destemperados/node-media-share-api/src/app.js":{"path":"/www/destemperados/node-media-share-api/src/app.js","statementMap":{"0":{"start":{"line":3,"column":0},"end":{"line":5,"column":3}},"1":{"start":{"line":7,"column":15},"end":{"line":7,"column":33}},"2":{"start":{"line":9,"column":16},"end":{"line":9,"column":48}},"3":{"start":{"line":11,"column":18},"end":{"line":11,"column":40}},"4":{"start":{"line":13,"column":19},"end":{"line":13,"column":54}},"5":{"start":{"line":15,"column":14},"end":{"line":15,"column":40}},"6":{"start":{"line":17,"column":15},"end":{"line":17,"column":46}},"7":{"start":{"line":19,"column":13},"end":{"line":19,"column":38}},"8":{"start":{"line":21,"column":14},"end":{"line":21,"column":44}},"9":{"start":{"line":23,"column":13},"end":{"line":23,"column":38}},"10":{"start":{"line":25,"column":14},"end":{"line":25,"column":44}},"11":{"start":{"line":27,"column":12},"end":{"line":27,"column":36}},"12":{"start":{"line":29,"column":13},"end":{"line":29,"column":42}},"13":{"start":{"line":31,"column":15},"end":{"line":31,"column":42}},"14":{"start":{"line":33,"column":16},"end":{"line":33,"column":48}},"15":{"start":{"line":35,"column":10},"end":{"line":35,"column":32}},"16":{"start":{"line":37,"column":11},"end":{"line":37,"column":38}},"17":{"start":{"line":39,"column":39},"end":{"line":39,"column":93}},"18":{"start":{"line":43,"column":10},"end":{"line":43,"column":34}},"19":{"start":{"line":45,"column":0},"end":{"line":45,"column":30}},"20":{"start":{"line":47,"column":0},"end":{"line":47,"column":54}},"21":{"start":{"line":49,"column":0},"end":{"line":49,"column":33}},"22":{"start":{"line":52,"column":0},"end":{"line":59,"column":3}},"23":{"start":{"line":53,"column":2},"end":{"line":58,"column":3}},"24":{"start":{"line":54,"column":4},"end":{"line":54,"column":53}},"25":{"start":{"line":55,"column":4},"end":{"line":55,"column":19}},"26":{"start":{"line":57,"column":4},"end":{"line":57,"column":34}},"27":{"start":{"line":61,"column":0},"end":{"line":61,"column":26}},"28":{"start":{"line":62,"column":0},"end":{"line":62,"column":26}},"29":{"start":{"line":63,"column":0},"end":{"line":63,"column":25}},"30":{"start":{"line":64,"column":0},"end":{"line":64,"column":28}},"31":{"start":{"line":66,"column":0},"end":{"line":66,"column":22}}},"fnMap":{"0":{"name":"_interopRequireDefault","decl":{"start":{"line":39,"column":9},"end":{"line":39,"column":31}},"loc":{"start":{"line":39,"column":37},"end":{"line":39,"column":95}},"line":39},"1":{"name":"(anonymous_1)","decl":{"start":{"line":52,"column":26},"end":{"line":52,"column":27}},"loc":{"start":{"line":52,"column":52},"end":{"line":59,"column":1}},"line":52}},"branchMap":{"0":{"loc":{"start":{"line":39,"column":46},"end":{"line":39,"column":92}},"type":"cond-expr","locations":[{"start":{"line":39,"column":70},"end":{"line":39,"column":73}},{"start":{"line":39,"column":76},"end":{"line":39,"column":92}}],"line":39},"1":{"loc":{"start":{"line":39,"column":46},"end":{"line":39,"column":67}},"type":"binary-expr","locations":[{"start":{"line":39,"column":46},"end":{"line":39,"column":49}},{"start":{"line":39,"column":53},"end":{"line":39,"column":67}}],"line":39}},"s":{"0":1,"1":1,"2":1,"3":1,"4":1,"5":1,"6":1,"7":1,"8":1,"9":1,"10":1,"11":1,"12":1,"13":1,"14":1,"15":1,"16":1,"17":8,"18":1,"19":1,"20":1,"21":1,"22":1,"23":0,"24":0,"25":0,"26":0,"27":1,"28":1,"29":1,"30":1,"31":1},"f":{"0":8,"1":0},"b":{"0":[6,2],"1":[8,8]},"_coverageSchema":"d34fc3e6b8297bcde183f5492bcb8fcb36775295","hash":"4c92a27d57839d86ddd07f3e5f0b19f5dbca16f8","contentHash":"f0f2ec097f63865b54a64dba2d55ac34_12.0.2"},"/www/destemperados/node-media-share-api/src/config/config.js":{"path":"/www/destemperados/node-media-share-api/src/config/config.js","statementMap":{"0":{"start":{"line":3,"column":0},"end":{"line":5,"column":3}},"1":{"start":{"line":7,"column":14},"end":{"line":7,"column":31}},"2":{"start":{"line":9,"column":15},"end":{"line":9,"column":46}},"3":{"start":{"line":11,"column":39},"end":{"line":11,"column":93}},"4":{"start":{"line":15,"column":0},"end":{"line":15,"column":26}},"5":{"start":{"line":17,"column":0},"end":{"line":34,"column":2}}},"fnMap":{"0":{"name":"_interopRequireDefault","decl":{"start":{"line":11,"column":9},"end":{"line":11,"column":31}},"loc":{"start":{"line":11,"column":37},"end":{"line":11,"column":95}},"line":11}},"branchMap":{"0":{"loc":{"start":{"line":11,"column":46},"end":{"line":11,"column":92}},"type":"cond-expr","locations":[{"start":{"line":11,"column":70},"end":{"line":11,"column":73}},{"start":{"line":11,"column":76},"end":{"line":11,"column":92}}],"line":11},"1":{"loc":{"start":{"line":11,"column":46},"end":{"line":11,"column":67}},"type":"binary-expr","locations":[{"start":{"line":11,"column":46},"end":{"line":11,"column":49}},{"start":{"line":11,"column":53},"end":{"line":11,"column":67}}],"line":11}},"s":{"0":1,"1":1,"2":1,"3":1,"4":1,"5":1},"f":{"0":1},"b":{"0":[0,1],"1":[1,1]},"_coverageSchema":"d34fc3e6b8297bcde183f5492bcb8fcb36775295","hash":"28084632835ef6a7cc2e679e874ea7e8e81b8b94","contentHash":"21b7fc265e90d80f3b8466ecb6289ed6_12.0.2"},"/www/destemperados/node-media-share-api/src/routes/video.js":{"path":"/www/destemperados/node-media-share-api/src/routes/video.js","statementMap":{"0":{"start":{"line":3,"column":0},"end":{"line":5,"column":3}},"1":{"start":{"line":7,"column":10},"end":{"line":7,"column":23}},"2":{"start":{"line":9,"column":11},"end":{"line":9,"column":38}},"3":{"start":{"line":11,"column":14},"end":{"line":11,"column":32}},"4":{"start":{"line":13,"column":15},"end":{"line":13,"column":46}},"5":{"start":{"line":15,"column":13},"end":{"line":15,"column":44}},"6":{"start":{"line":17,"column":14},"end":{"line":17,"column":44}},"7":{"start":{"line":19,"column":39},"end":{"line":19,"column":93}},"8":{"start":{"line":21,"column":0},"end":{"line":133,"column":2}},"9":{"start":{"line":22,"column":24},"end":{"line":22,"column":55}},"10":{"start":{"line":24,"column":2},"end":{"line":28,"column":5}},"11":{"start":{"line":25,"column":4},"end":{"line":27,"column":7}},"12":{"start":{"line":26,"column":6},"end":{"line":26,"column":27}},"13":{"start":{"line":30,"column":2},"end":{"line":32,"column":5}},"14":{"start":{"line":31,"column":4},"end":{"line":31,"column":39}},"15":{"start":{"line":34,"column":2},"end":{"line":36,"column":5}},"16":{"start":{"line":35,"column":4},"end":{"line":35,"column":39}},"17":{"start":{"line":38,"column":2},"end":{"line":94,"column":5}},"18":{"start":{"line":39,"column":14},"end":{"line":39,"column":28}},"19":{"start":{"line":42,"column":4},"end":{"line":45,"column":7}},"20":{"start":{"line":47,"column":17},"end":{"line":50,"column":5}},"21":{"start":{"line":51,"column":4},"end":{"line":51,"column":21}},"22":{"start":{"line":52,"column":13},"end":{"line":52,"column":38}},"23":{"start":{"line":54,"column":4},"end":{"line":93,"column":7}},"24":{"start":{"line":55,"column":6},"end":{"line":59,"column":7}},"25":{"start":{"line":56,"column":8},"end":{"line":56,"column":22}},"26":{"start":{"line":57,"column":8},"end":{"line":57,"column":33}},"27":{"start":{"line":58,"column":8},"end":{"line":58,"column":28}},"28":{"start":{"line":60,"column":6},"end":{"line":91,"column":7}},"29":{"start":{"line":61,"column":8},"end":{"line":81,"column":9}},"30":{"start":{"line":62,"column":22},"end":{"line":62,"column":39}},"31":{"start":{"line":64,"column":22},"end":{"line":64,"column":60}},"32":{"start":{"line":65,"column":22},"end":{"line":65,"column":44}},"33":{"start":{"line":67,"column":22},"end":{"line":67,"column":43}},"34":{"start":{"line":68,"column":20},"end":{"line":68,"column":65}},"35":{"start":{"line":69,"column":26},"end":{"line":69,"column":41}},"36":{"start":{"line":71,"column":10},"end":{"line":77,"column":13}},"37":{"start":{"line":78,"column":10},"end":{"line":78,"column":125}},"38":{"start":{"line":80,"column":10},"end":{"line":80,"column":25}},"39":{"start":{"line":83,"column":20},"end":{"line":83,"column":24}},"40":{"start":{"line":84,"column":8},"end":{"line":89,"column":11}},"41":{"start":{"line":90,"column":8},"end":{"line":90,"column":58}},"42":{"start":{"line":92,"column":6},"end":{"line":92,"column":29}},"43":{"start":{"line":96,"column":2},"end":{"line":112,"column":5}},"44":{"start":{"line":97,"column":4},"end":{"line":103,"column":7}},"45":{"start":{"line":98,"column":6},"end":{"line":98,"column":22}},"46":{"start":{"line":99,"column":6},"end":{"line":99,"column":25}},"47":{"start":{"line":101,"column":6},"end":{"line":101,"column":22}},"48":{"start":{"line":102,"column":6},"end":{"line":102,"column":20}},"49":{"start":{"line":105,"column":4},"end":{"line":111,"column":7}},"50":{"start":{"line":106,"column":6},"end":{"line":106,"column":22}},"51":{"start":{"line":107,"column":6},"end":{"line":107,"column":25}},"52":{"start":{"line":109,"column":6},"end":{"line":109,"column":33}},"53":{"start":{"line":110,"column":6},"end":{"line":110,"column":25}},"54":{"start":{"line":114,"column":2},"end":{"line":122,"column":5}},"55":{"start":{"line":115,"column":4},"end":{"line":121,"column":7}},"56":{"start":{"line":116,"column":6},"end":{"line":116,"column":22}},"57":{"start":{"line":117,"column":6},"end":{"line":117,"column":25}},"58":{"start":{"line":119,"column":6},"end":{"line":119,"column":22}},"59":{"start":{"line":120,"column":6},"end":{"line":120,"column":20}},"60":{"start":{"line":124,"column":2},"end":{"line":132,"column":5}},"61":{"start":{"line":125,"column":4},"end":{"line":131,"column":7}},"62":{"start":{"line":126,"column":6},"end":{"line":126,"column":22}},"63":{"start":{"line":127,"column":6},"end":{"line":127,"column":25}},"64":{"start":{"line":129,"column":6},"end":{"line":129,"column":22}},"65":{"start":{"line":130,"column":6},"end":{"line":130,"column":20}}},"fnMap":{"0":{"name":"_interopRequireDefault","decl":{"start":{"line":19,"column":9},"end":{"line":19,"column":31}},"loc":{"start":{"line":19,"column":37},"end":{"line":19,"column":95}},"line":19},"1":{"name":"(anonymous_1)","decl":{"start":{"line":21,"column":18},"end":{"line":21,"column":19}},"loc":{"start":{"line":21,"column":33},"end":{"line":133,"column":1}},"line":21},"2":{"name":"(anonymous_2)","decl":{"start":{"line":24,"column":15},"end":{"line":24,"column":16}},"loc":{"start":{"line":24,"column":35},"end":{"line":28,"column":3}},"line":24},"3":{"name":"(anonymous_3)","decl":{"start":{"line":25,"column":49},"end":{"line":25,"column":50}},"loc":{"start":{"line":25,"column":70},"end":{"line":27,"column":5}},"line":25},"4":{"name":"(anonymous_4)","decl":{"start":{"line":30,"column":37},"end":{"line":30,"column":38}},"loc":{"start":{"line":30,"column":57},"end":{"line":32,"column":3}},"line":30},"5":{"name":"(anonymous_5)","decl":{"start":{"line":34,"column":37},"end":{"line":34,"column":38}},"loc":{"start":{"line":34,"column":57},"end":{"line":36,"column":3}},"line":34},"6":{"name":"(anonymous_6)","decl":{"start":{"line":38,"column":38},"end":{"line":38,"column":39}},"loc":{"start":{"line":38,"column":58},"end":{"line":94,"column":3}},"line":38},"7":{"name":"(anonymous_7)","decl":{"start":{"line":54,"column":95},"end":{"line":54,"column":96}},"loc":{"start":{"line":54,"column":116},"end":{"line":93,"column":5}},"line":54},"8":{"name":"(anonymous_8)","decl":{"start":{"line":96,"column":26},"end":{"line":96,"column":27}},"loc":{"start":{"line":96,"column":46},"end":{"line":104,"column":3}},"line":96},"9":{"name":"(anonymous_9)","decl":{"start":{"line":97,"column":32},"end":{"line":97,"column":33}},"loc":{"start":{"line":97,"column":52},"end":{"line":100,"column":5}},"line":97},"10":{"name":"(anonymous_10)","decl":{"start":{"line":100,"column":13},"end":{"line":100,"column":14}},"loc":{"start":{"line":100,"column":28},"end":{"line":103,"column":5}},"line":100},"11":{"name":"(anonymous_11)","decl":{"start":{"line":104,"column":10},"end":{"line":104,"column":11}},"loc":{"start":{"line":104,"column":30},"end":{"line":112,"column":3}},"line":104},"12":{"name":"(anonymous_12)","decl":{"start":{"line":105,"column":42},"end":{"line":105,"column":43}},"loc":{"start":{"line":105,"column":62},"end":{"line":108,"column":5}},"line":105},"13":{"name":"(anonymous_13)","decl":{"start":{"line":108,"column":13},"end":{"line":108,"column":14}},"loc":{"start":{"line":108,"column":28},"end":{"line":111,"column":5}},"line":108},"14":{"name":"(anonymous_14)","decl":{"start":{"line":114,"column":38},"end":{"line":114,"column":39}},"loc":{"start":{"line":114,"column":58},"end":{"line":122,"column":3}},"line":114},"15":{"name":"(anonymous_15)","decl":{"start":{"line":115,"column":48},"end":{"line":115,"column":49}},"loc":{"start":{"line":115,"column":68},"end":{"line":118,"column":5}},"line":115},"16":{"name":"(anonymous_16)","decl":{"start":{"line":118,"column":13},"end":{"line":118,"column":14}},"loc":{"start":{"line":118,"column":28},"end":{"line":121,"column":5}},"line":118},"17":{"name":"(anonymous_17)","decl":{"start":{"line":124,"column":45},"end":{"line":124,"column":46}},"loc":{"start":{"line":124,"column":65},"end":{"line":132,"column":3}},"line":124},"18":{"name":"(anonymous_18)","decl":{"start":{"line":125,"column":44},"end":{"line":125,"column":45}},"loc":{"start":{"line":125,"column":64},"end":{"line":128,"column":5}},"line":125},"19":{"name":"(anonymous_19)","decl":{"start":{"line":128,"column":13},"end":{"line":128,"column":14}},"loc":{"start":{"line":128,"column":28},"end":{"line":131,"column":5}},"line":128}},"branchMap":{"0":{"loc":{"start":{"line":19,"column":46},"end":{"line":19,"column":92}},"type":"cond-expr","locations":[{"start":{"line":19,"column":70},"end":{"line":19,"column":73}},{"start":{"line":19,"column":76},"end":{"line":19,"column":92}}],"line":19},"1":{"loc":{"start":{"line":19,"column":46},"end":{"line":19,"column":67}},"type":"binary-expr","locations":[{"start":{"line":19,"column":46},"end":{"line":19,"column":49}},{"start":{"line":19,"column":53},"end":{"line":19,"column":67}}],"line":19},"2":{"loc":{"start":{"line":55,"column":6},"end":{"line":59,"column":7}},"type":"if","locations":[{"start":{"line":55,"column":6},"end":{"line":59,"column":7}},{"start":{"line":55,"column":6},"end":{"line":59,"column":7}}],"line":55},"3":{"loc":{"start":{"line":60,"column":6},"end":{"line":91,"column":7}},"type":"if","locations":[{"start":{"line":60,"column":6},"end":{"line":91,"column":7}},{"start":{"line":60,"column":6},"end":{"line":91,"column":7}}],"line":60},"4":{"loc":{"start":{"line":60,"column":10},"end":{"line":60,"column":50}},"type":"binary-expr","locations":[{"start":{"line":60,"column":10},"end":{"line":60,"column":21}},{"start":{"line":60,"column":25},"end":{"line":60,"column":50}}],"line":60},"5":{"loc":{"start":{"line":68,"column":20},"end":{"line":68,"column":65}},"type":"cond-expr","locations":[{"start":{"line":68,"column":31},"end":{"line":68,"column":53}},{"start":{"line":68,"column":56},"end":{"line":68,"column":65}}],"line":68}},"s":{"0":1,"1":1,"2":1,"3":1,"4":1,"5":1,"6":1,"7":3,"8":1,"9":1,"10":1,"11":0,"12":0,"13":1,"14":0,"15":1,"16":0,"17":1,"18":0,"19":0,"20":0,"21":0,"22":0,"23":0,"24":0,"25":0,"26":0,"27":0,"28":0,"29":0,"30":0,"31":0,"32":0,"33":0,"34":0,"35":0,"36":0,"37":0,"38":0,"39":0,"40":0,"41":0,"42":0,"43":1,"44":0,"45":0,"46":0,"47":0,"48":0,"49":0,"50":0,"51":0,"52":0,"53":0,"54":1,"55":0,"56":0,"57":0,"58":0,"59":0,"60":1,"61":0,"62":0,"63":0,"64":0,"65":0},"f":{"0":3,"1":1,"2":0,"3":0,"4":0,"5":0,"6":0,"7":0,"8":0,"9":0,"10":0,"11":0,"12":0,"13":0,"14":0,"15":0,"16":0,"17":0,"18":0,"19":0},"b":{"0":[1,2],"1":[3,3],"2":[0,0],"3":[0,0],"4":[0,0],"5":[0,0]},"_coverageSchema":"d34fc3e6b8297bcde183f5492bcb8fcb36775295","hash":"35f9398ce0762e0a469d1193d426685712be0382","contentHash":"4be9606b2b58178dc6a45d28a5d8ef97_12.0.2"},"/www/destemperados/node-media-share-api/src/controllers/video.js":{"path":"/www/destemperados/node-media-share-api/src/controllers/video.js","statementMap":{"0":{"start":{"line":3,"column":0},"end":{"line":5,"column":3}},"1":{"start":{"line":7,"column":19},"end":{"line":7,"column":563}},"2":{"start":{"line":7,"column":76},"end":{"line":7,"column":347}},"3":{"start":{"line":7,"column":134},"end":{"line":7,"column":142}},"4":{"start":{"line":7,"column":144},"end":{"line":7,"column":199}},"5":{"start":{"line":7,"column":200},"end":{"line":7,"column":231}},"6":{"start":{"line":7,"column":232},"end":{"line":7,"column":286}},"7":{"start":{"line":7,"column":259},"end":{"line":7,"column":286}},"8":{"start":{"line":7,"column":287},"end":{"line":7,"column":345}},"9":{"start":{"line":7,"column":350},"end":{"line":7,"column":559}},"10":{"start":{"line":7,"column":407},"end":{"line":7,"column":475}},"11":{"start":{"line":7,"column":423},"end":{"line":7,"column":475}},"12":{"start":{"line":7,"column":476},"end":{"line":7,"column":536}},"13":{"start":{"line":7,"column":493},"end":{"line":7,"column":536}},"14":{"start":{"line":7,"column":537},"end":{"line":7,"column":556}},"15":{"start":{"line":9,"column":18},"end":{"line":9,"column":40}},"16":{"start":{"line":11,"column":19},"end":{"line":11,"column":54}},"17":{"start":{"line":13,"column":14},"end":{"line":13,"column":32}},"18":{"start":{"line":15,"column":15},"end":{"line":15,"column":46}},"19":{"start":{"line":17,"column":12},"end":{"line":17,"column":27}},"20":{"start":{"line":19,"column":13},"end":{"line":19,"column":42}},"21":{"start":{"line":21,"column":15},"end":{"line":21,"column":33}},"22":{"start":{"line":23,"column":16},"end":{"line":23,"column":48}},"23":{"start":{"line":25,"column":39},"end":{"line":25,"column":93}},"24":{"start":{"line":27,"column":50},"end":{"line":27,"column":151}},"25":{"start":{"line":27,"column":92},"end":{"line":27,"column":149}},"26":{"start":{"line":34,"column":22},"end":{"line":40,"column":1}},"27":{"start":{"line":35,"column":19},"end":{"line":35,"column":110}},"28":{"start":{"line":36,"column":2},"end":{"line":39,"column":4}},"29":{"start":{"line":47,"column":20},"end":{"line":52,"column":1}},"30":{"start":{"line":48,"column":19},"end":{"line":48,"column":119}},"31":{"start":{"line":49,"column":2},"end":{"line":51,"column":17}},"32":{"start":{"line":58,"column":29},"end":{"line":199,"column":3}},"33":{"start":{"line":60,"column":4},"end":{"line":60,"column":43}},"34":{"start":{"line":62,"column":4},"end":{"line":62,"column":25}},"35":{"start":{"line":63,"column":4},"end":{"line":63,"column":41}},"36":{"start":{"line":65,"column":4},"end":{"line":68,"column":7}},"37":{"start":{"line":70,"column":4},"end":{"line":70,"column":40}},"38":{"start":{"line":78,"column":2},"end":{"line":196,"column":6}},"39":{"start":{"line":81,"column":18},"end":{"line":81,"column":22}},"40":{"start":{"line":83,"column":6},"end":{"line":99,"column":9}},"41":{"start":{"line":84,"column":21},"end":{"line":87,"column":9}},"42":{"start":{"line":88,"column":8},"end":{"line":98,"column":11}},"43":{"start":{"line":89,"column":10},"end":{"line":97,"column":11}},"44":{"start":{"line":90,"column":12},"end":{"line":90,"column":24}},"45":{"start":{"line":92,"column":25},"end":{"line":95,"column":14}},"46":{"start":{"line":93,"column":25},"end":{"line":93,"column":54}},"47":{"start":{"line":94,"column":14},"end":{"line":94,"column":59}},"48":{"start":{"line":96,"column":12},"end":{"line":96,"column":28}},"49":{"start":{"line":109,"column":19},"end":{"line":109,"column":23}},"50":{"start":{"line":111,"column":6},"end":{"line":138,"column":9}},"51":{"start":{"line":112,"column":8},"end":{"line":112,"column":33}},"52":{"start":{"line":113,"column":25},"end":{"line":113,"column":61}},"53":{"start":{"line":114,"column":17},"end":{"line":114,"column":42}},"54":{"start":{"line":115,"column":21},"end":{"line":115,"column":45}},"55":{"start":{"line":117,"column":20},"end":{"line":117,"column":41}},"56":{"start":{"line":118,"column":23},"end":{"line":118,"column":37}},"57":{"start":{"line":119,"column":18},"end":{"line":119,"column":38}},"58":{"start":{"line":121,"column":8},"end":{"line":137,"column":11}},"59":{"start":{"line":126,"column":10},"end":{"line":128,"column":11}},"60":{"start":{"line":127,"column":12},"end":{"line":127,"column":28}},"61":{"start":{"line":129,"column":10},"end":{"line":129,"column":34}},"62":{"start":{"line":130,"column":10},"end":{"line":136,"column":13}},"63":{"start":{"line":131,"column":12},"end":{"line":135,"column":13}},"64":{"start":{"line":132,"column":14},"end":{"line":132,"column":49}},"65":{"start":{"line":134,"column":14},"end":{"line":134,"column":48}},"66":{"start":{"line":148,"column":16},"end":{"line":148,"column":30}},"67":{"start":{"line":151,"column":6},"end":{"line":151,"column":23}},"68":{"start":{"line":153,"column":19},"end":{"line":156,"column":7}},"69":{"start":{"line":158,"column":6},"end":{"line":166,"column":7}},"70":{"start":{"line":159,"column":8},"end":{"line":163,"column":11}},"71":{"start":{"line":160,"column":10},"end":{"line":160,"column":63}},"72":{"start":{"line":162,"column":10},"end":{"line":162,"column":48}},"73":{"start":{"line":165,"column":8},"end":{"line":165,"column":59}},"74":{"start":{"line":176,"column":16},"end":{"line":176,"column":30}},"75":{"start":{"line":179,"column":6},"end":{"line":179,"column":23}},"76":{"start":{"line":181,"column":19},"end":{"line":184,"column":7}},"77":{"start":{"line":186,"column":6},"end":{"line":194,"column":7}},"78":{"start":{"line":187,"column":8},"end":{"line":191,"column":11}},"79":{"start":{"line":188,"column":10},"end":{"line":188,"column":63}},"80":{"start":{"line":190,"column":10},"end":{"line":190,"column":48}},"81":{"start":{"line":193,"column":8},"end":{"line":193,"column":59}},"82":{"start":{"line":198,"column":2},"end":{"line":198,"column":25}},"83":{"start":{"line":201,"column":0},"end":{"line":201,"column":34}}},"fnMap":{"0":{"name":"(anonymous_0)","decl":{"start":{"line":7,"column":19},"end":{"line":7,"column":20}},"loc":{"start":{"line":7,"column":31},"end":{"line":7,"column":561}},"line":7},"1":{"name":"defineProperties","decl":{"start":{"line":7,"column":42},"end":{"line":7,"column":58}},"loc":{"start":{"line":7,"column":74},"end":{"line":7,"column":349}},"line":7},"2":{"name":"(anonymous_2)","decl":{"start":{"line":7,"column":357},"end":{"line":7,"column":358}},"loc":{"start":{"line":7,"column":405},"end":{"line":7,"column":558}},"line":7},"3":{"name":"_interopRequireDefault","decl":{"start":{"line":25,"column":9},"end":{"line":25,"column":31}},"loc":{"start":{"line":25,"column":37},"end":{"line":25,"column":95}},"line":25},"4":{"name":"_classCallCheck","decl":{"start":{"line":27,"column":9},"end":{"line":27,"column":24}},"loc":{"start":{"line":27,"column":48},"end":{"line":27,"column":153}},"line":27},"5":{"name":"defaultResponse","decl":{"start":{"line":34,"column":31},"end":{"line":34,"column":46}},"loc":{"start":{"line":34,"column":53},"end":{"line":40,"column":1}},"line":34},"6":{"name":"errorResponse","decl":{"start":{"line":47,"column":29},"end":{"line":47,"column":42}},"loc":{"start":{"line":47,"column":52},"end":{"line":52,"column":1}},"line":47},"7":{"name":"(anonymous_7)","decl":{"start":{"line":58,"column":29},"end":{"line":58,"column":30}},"loc":{"start":{"line":58,"column":41},"end":{"line":199,"column":1}},"line":58},"8":{"name":"VideoController","decl":{"start":{"line":59,"column":11},"end":{"line":59,"column":26}},"loc":{"start":{"line":59,"column":35},"end":{"line":71,"column":3}},"line":59},"9":{"name":"list","decl":{"start":{"line":80,"column":20},"end":{"line":80,"column":24}},"loc":{"start":{"line":80,"column":27},"end":{"line":100,"column":5}},"line":80},"10":{"name":"(anonymous_10)","decl":{"start":{"line":83,"column":25},"end":{"line":83,"column":26}},"loc":{"start":{"line":83,"column":52},"end":{"line":99,"column":7}},"line":83},"11":{"name":"(anonymous_11)","decl":{"start":{"line":88,"column":37},"end":{"line":88,"column":38}},"loc":{"start":{"line":88,"column":61},"end":{"line":98,"column":9}},"line":88},"12":{"name":"(anonymous_12)","decl":{"start":{"line":92,"column":46},"end":{"line":92,"column":47}},"loc":{"start":{"line":92,"column":63},"end":{"line":95,"column":13}},"line":92},"13":{"name":"uploadVideo","decl":{"start":{"line":108,"column":20},"end":{"line":108,"column":31}},"loc":{"start":{"line":108,"column":37},"end":{"line":139,"column":5}},"line":108},"14":{"name":"(anonymous_14)","decl":{"start":{"line":111,"column":25},"end":{"line":111,"column":26}},"loc":{"start":{"line":111,"column":52},"end":{"line":138,"column":7}},"line":111},"15":{"name":"(anonymous_15)","decl":{"start":{"line":125,"column":11},"end":{"line":125,"column":12}},"loc":{"start":{"line":125,"column":30},"end":{"line":137,"column":9}},"line":125},"16":{"name":"(anonymous_16)","decl":{"start":{"line":130,"column":110},"end":{"line":130,"column":111}},"loc":{"start":{"line":130,"column":142},"end":{"line":136,"column":11}},"line":130},"17":{"name":"getThumb","decl":{"start":{"line":147,"column":20},"end":{"line":147,"column":28}},"loc":{"start":{"line":147,"column":39},"end":{"line":167,"column":5}},"line":147},"18":{"name":"(anonymous_18)","decl":{"start":{"line":159,"column":75},"end":{"line":159,"column":76}},"loc":{"start":{"line":159,"column":90},"end":{"line":161,"column":9}},"line":159},"19":{"name":"(anonymous_19)","decl":{"start":{"line":161,"column":24},"end":{"line":161,"column":25}},"loc":{"start":{"line":161,"column":36},"end":{"line":163,"column":9}},"line":161},"20":{"name":"getCover","decl":{"start":{"line":175,"column":20},"end":{"line":175,"column":28}},"loc":{"start":{"line":175,"column":39},"end":{"line":195,"column":5}},"line":175},"21":{"name":"(anonymous_21)","decl":{"start":{"line":187,"column":75},"end":{"line":187,"column":76}},"loc":{"start":{"line":187,"column":90},"end":{"line":189,"column":9}},"line":187},"22":{"name":"(anonymous_22)","decl":{"start":{"line":189,"column":24},"end":{"line":189,"column":25}},"loc":{"start":{"line":189,"column":36},"end":{"line":191,"column":9}},"line":189}},"branchMap":{"0":{"loc":{"start":{"line":7,"column":168},"end":{"line":7,"column":198}},"type":"binary-expr","locations":[{"start":{"line":7,"column":168},"end":{"line":7,"column":189}},{"start":{"line":7,"column":193},"end":{"line":7,"column":198}}],"line":7},"1":{"loc":{"start":{"line":7,"column":232},"end":{"line":7,"column":286}},"type":"if","locations":[{"start":{"line":7,"column":232},"end":{"line":7,"column":286}},{"start":{"line":7,"column":232},"end":{"line":7,"column":286}}],"line":7},"2":{"loc":{"start":{"line":7,"column":407},"end":{"line":7,"column":475}},"type":"if","locations":[{"start":{"line":7,"column":407},"end":{"line":7,"column":475}},{"start":{"line":7,"column":407},"end":{"line":7,"column":475}}],"line":7},"3":{"loc":{"start":{"line":7,"column":476},"end":{"line":7,"column":536}},"type":"if","locations":[{"start":{"line":7,"column":476},"end":{"line":7,"column":536}},{"start":{"line":7,"column":476},"end":{"line":7,"column":536}}],"line":7},"4":{"loc":{"start":{"line":25,"column":46},"end":{"line":25,"column":92}},"type":"cond-expr","locations":[{"start":{"line":25,"column":70},"end":{"line":25,"column":73}},{"start":{"line":25,"column":76},"end":{"line":25,"column":92}}],"line":25},"5":{"loc":{"start":{"line":25,"column":46},"end":{"line":25,"column":67}},"type":"binary-expr","locations":[{"start":{"line":25,"column":46},"end":{"line":25,"column":49}},{"start":{"line":25,"column":53},"end":{"line":25,"column":67}}],"line":25},"6":{"loc":{"start":{"line":27,"column":50},"end":{"line":27,"column":151}},"type":"if","locations":[{"start":{"line":27,"column":50},"end":{"line":27,"column":151}},{"start":{"line":27,"column":50},"end":{"line":27,"column":151}}],"line":27},"7":{"loc":{"start":{"line":35,"column":19},"end":{"line":35,"column":110}},"type":"cond-expr","locations":[{"start":{"line":35,"column":72},"end":{"line":35,"column":84}},{"start":{"line":35,"column":87},"end":{"line":35,"column":110}}],"line":35},"8":{"loc":{"start":{"line":35,"column":19},"end":{"line":35,"column":69}},"type":"binary-expr","locations":[{"start":{"line":35,"column":19},"end":{"line":35,"column":39}},{"start":{"line":35,"column":43},"end":{"line":35,"column":69}}],"line":35},"9":{"loc":{"start":{"line":48,"column":19},"end":{"line":48,"column":119}},"type":"cond-expr","locations":[{"start":{"line":48,"column":72},"end":{"line":48,"column":84}},{"start":{"line":48,"column":87},"end":{"line":48,"column":119}}],"line":48},"10":{"loc":{"start":{"line":48,"column":19},"end":{"line":48,"column":69}},"type":"binary-expr","locations":[{"start":{"line":48,"column":19},"end":{"line":48,"column":39}},{"start":{"line":48,"column":43},"end":{"line":48,"column":69}}],"line":48},"11":{"loc":{"start":{"line":89,"column":10},"end":{"line":97,"column":11}},"type":"if","locations":[{"start":{"line":89,"column":10},"end":{"line":97,"column":11}},{"start":{"line":89,"column":10},"end":{"line":97,"column":11}}],"line":89},"12":{"loc":{"start":{"line":126,"column":10},"end":{"line":128,"column":11}},"type":"if","locations":[{"start":{"line":126,"column":10},"end":{"line":128,"column":11}},{"start":{"line":126,"column":10},"end":{"line":128,"column":11}}],"line":126},"13":{"loc":{"start":{"line":131,"column":12},"end":{"line":135,"column":13}},"type":"if","locations":[{"start":{"line":131,"column":12},"end":{"line":135,"column":13}},{"start":{"line":131,"column":12},"end":{"line":135,"column":13}}],"line":131},"14":{"loc":{"start":{"line":131,"column":16},"end":{"line":131,"column":58}},"type":"binary-expr","locations":[{"start":{"line":131,"column":16},"end":{"line":131,"column":27}},{"start":{"line":131,"column":31},"end":{"line":131,"column":58}}],"line":131}},"s":{"0":1,"1":1,"2":1,"3":4,"4":4,"5":4,"6":4,"7":4,"8":4,"9":1,"10":1,"11":1,"12":1,"13":0,"14":1,"15":1,"16":1,"17":1,"18":1,"19":1,"20":1,"21":1,"22":1,"23":4,"24":1,"25":0,"26":1,"27":0,"28":0,"29":1,"30":0,"31":0,"32":1,"33":1,"34":1,"35":1,"36":1,"37":1,"38":1,"39":0,"40":0,"41":0,"42":0,"43":0,"44":0,"45":0,"46":0,"47":0,"48":0,"49":0,"50":0,"51":0,"52":0,"53":0,"54":0,"55":0,"56":0,"57":0,"58":0,"59":0,"60":0,"61":0,"62":0,"63":0,"64":0,"65":0,"66":0,"67":0,"68":0,"69":0,"70":0,"71":0,"72":0,"73":0,"74":0,"75":0,"76":0,"77":0,"78":0,"79":0,"80":0,"81":0,"82":1,"83":1},"f":{"0":1,"1":1,"2":1,"3":4,"4":1,"5":0,"6":0,"7":1,"8":1,"9":0,"10":0,"11":0,"12":0,"13":0,"14":0,"15":0,"16":0,"17":0,"18":0,"19":0,"20":0,"21":0,"22":0},"b":{"0":[4,4],"1":[4,0],"2":[1,0],"3":[0,1],"4":[0,4],"5":[4,4],"6":[0,1],"7":[0,0],"8":[0,0],"9":[0,0],"10":[0,0],"11":[0,0],"12":[0,0],"13":[0,0],"14":[0,0]},"_coverageSchema":"d34fc3e6b8297bcde183f5492bcb8fcb36775295","hash":"361d4236bd3087a52779b109fd6452c429c7bc6b","contentHash":"5c7cb1209253df240c074fedddf993e0_12.0.2"},"/www/destemperados/node-media-share-api/src/routes/image.js":{"path":"/www/destemperados/node-media-share-api/src/routes/image.js","statementMap":{"0":{"start":{"line":3,"column":0},"end":{"line":5,"column":3}},"1":{"start":{"line":7,"column":13},"end":{"line":7,"column":44}},"2":{"start":{"line":9,"column":14},"end":{"line":9,"column":44}},"3":{"start":{"line":11,"column":39},"end":{"line":11,"column":93}},"4":{"start":{"line":13,"column":0},"end":{"line":50,"column":2}},"5":{"start":{"line":14,"column":24},"end":{"line":14,"column":55}},"6":{"start":{"line":15,"column":2},"end":{"line":31,"column":5}},"7":{"start":{"line":16,"column":4},"end":{"line":22,"column":7}},"8":{"start":{"line":17,"column":6},"end":{"line":17,"column":22}},"9":{"start":{"line":18,"column":6},"end":{"line":18,"column":25}},"10":{"start":{"line":20,"column":6},"end":{"line":20,"column":38}},"11":{"start":{"line":21,"column":6},"end":{"line":21,"column":30}},"12":{"start":{"line":24,"column":4},"end":{"line":30,"column":7}},"13":{"start":{"line":25,"column":6},"end":{"line":25,"column":22}},"14":{"start":{"line":26,"column":6},"end":{"line":26,"column":25}},"15":{"start":{"line":28,"column":6},"end":{"line":28,"column":38}},"16":{"start":{"line":29,"column":6},"end":{"line":29,"column":30}},"17":{"start":{"line":33,"column":2},"end":{"line":41,"column":5}},"18":{"start":{"line":34,"column":4},"end":{"line":40,"column":7}},"19":{"start":{"line":35,"column":6},"end":{"line":35,"column":22}},"20":{"start":{"line":36,"column":6},"end":{"line":36,"column":25}},"21":{"start":{"line":38,"column":6},"end":{"line":38,"column":38}},"22":{"start":{"line":39,"column":6},"end":{"line":39,"column":30}},"23":{"start":{"line":43,"column":2},"end":{"line":45,"column":5}},"24":{"start":{"line":44,"column":4},"end":{"line":44,"column":39}},"25":{"start":{"line":47,"column":2},"end":{"line":49,"column":5}},"26":{"start":{"line":48,"column":4},"end":{"line":48,"column":39}}},"fnMap":{"0":{"name":"_interopRequireDefault","decl":{"start":{"line":11,"column":9},"end":{"line":11,"column":31}},"loc":{"start":{"line":11,"column":37},"end":{"line":11,"column":95}},"line":11},"1":{"name":"(anonymous_1)","decl":{"start":{"line":13,"column":18},"end":{"line":13,"column":19}},"loc":{"start":{"line":13,"column":33},"end":{"line":50,"column":1}},"line":13},"2":{"name":"(anonymous_2)","decl":{"start":{"line":15,"column":26},"end":{"line":15,"column":27}},"loc":{"start":{"line":15,"column":46},"end":{"line":23,"column":3}},"line":15},"3":{"name":"(anonymous_3)","decl":{"start":{"line":16,"column":32},"end":{"line":16,"column":33}},"loc":{"start":{"line":16,"column":52},"end":{"line":19,"column":5}},"line":16},"4":{"name":"(anonymous_4)","decl":{"start":{"line":19,"column":13},"end":{"line":19,"column":14}},"loc":{"start":{"line":19,"column":33},"end":{"line":22,"column":5}},"line":19},"5":{"name":"(anonymous_5)","decl":{"start":{"line":23,"column":10},"end":{"line":23,"column":11}},"loc":{"start":{"line":23,"column":30},"end":{"line":31,"column":3}},"line":23},"6":{"name":"(anonymous_6)","decl":{"start":{"line":24,"column":42},"end":{"line":24,"column":43}},"loc":{"start":{"line":24,"column":62},"end":{"line":27,"column":5}},"line":24},"7":{"name":"(anonymous_7)","decl":{"start":{"line":27,"column":13},"end":{"line":27,"column":14}},"loc":{"start":{"line":27,"column":33},"end":{"line":30,"column":5}},"line":27},"8":{"name":"(anonymous_8)","decl":{"start":{"line":33,"column":32},"end":{"line":33,"column":33}},"loc":{"start":{"line":33,"column":52},"end":{"line":41,"column":3}},"line":33},"9":{"name":"(anonymous_9)","decl":{"start":{"line":34,"column":38},"end":{"line":34,"column":39}},"loc":{"start":{"line":34,"column":58},"end":{"line":37,"column":5}},"line":34},"10":{"name":"(anonymous_10)","decl":{"start":{"line":37,"column":13},"end":{"line":37,"column":14}},"loc":{"start":{"line":37,"column":33},"end":{"line":40,"column":5}},"line":37},"11":{"name":"(anonymous_11)","decl":{"start":{"line":43,"column":40},"end":{"line":43,"column":41}},"loc":{"start":{"line":43,"column":60},"end":{"line":45,"column":3}},"line":43},"12":{"name":"(anonymous_12)","decl":{"start":{"line":47,"column":37},"end":{"line":47,"column":38}},"loc":{"start":{"line":47,"column":57},"end":{"line":49,"column":3}},"line":47}},"branchMap":{"0":{"loc":{"start":{"line":11,"column":46},"end":{"line":11,"column":92}},"type":"cond-expr","locations":[{"start":{"line":11,"column":70},"end":{"line":11,"column":73}},{"start":{"line":11,"column":76},"end":{"line":11,"column":92}}],"line":11},"1":{"loc":{"start":{"line":11,"column":46},"end":{"line":11,"column":67}},"type":"binary-expr","locations":[{"start":{"line":11,"column":46},"end":{"line":11,"column":49}},{"start":{"line":11,"column":53},"end":{"line":11,"column":67}}],"line":11}},"s":{"0":1,"1":1,"2":1,"3":1,"4":1,"5":1,"6":1,"7":0,"8":0,"9":0,"10":0,"11":0,"12":0,"13":0,"14":0,"15":0,"16":0,"17":1,"18":0,"19":0,"20":0,"21":0,"22":0,"23":1,"24":0,"25":1,"26":0},"f":{"0":1,"1":1,"2":0,"3":0,"4":0,"5":0,"6":0,"7":0,"8":0,"9":0,"10":0,"11":0,"12":0},"b":{"0":[1,0],"1":[1,1]},"_coverageSchema":"d34fc3e6b8297bcde183f5492bcb8fcb36775295","hash":"9be9696c899d153672ebed46148e0188f6530d92","contentHash":"27b42073d83fb551134e787055d378db_12.0.2"},"/www/destemperados/node-media-share-api/src/controllers/image.js":{"path":"/www/destemperados/node-media-share-api/src/controllers/image.js","statementMap":{"0":{"start":{"line":3,"column":0},"end":{"line":5,"column":3}},"1":{"start":{"line":7,"column":19},"end":{"line":7,"column":563}},"2":{"start":{"line":7,"column":76},"end":{"line":7,"column":347}},"3":{"start":{"line":7,"column":134},"end":{"line":7,"column":142}},"4":{"start":{"line":7,"column":144},"end":{"line":7,"column":199}},"5":{"start":{"line":7,"column":200},"end":{"line":7,"column":231}},"6":{"start":{"line":7,"column":232},"end":{"line":7,"column":286}},"7":{"start":{"line":7,"column":259},"end":{"line":7,"column":286}},"8":{"start":{"line":7,"column":287},"end":{"line":7,"column":345}},"9":{"start":{"line":7,"column":350},"end":{"line":7,"column":559}},"10":{"start":{"line":7,"column":407},"end":{"line":7,"column":475}},"11":{"start":{"line":7,"column":423},"end":{"line":7,"column":475}},"12":{"start":{"line":7,"column":476},"end":{"line":7,"column":536}},"13":{"start":{"line":7,"column":493},"end":{"line":7,"column":536}},"14":{"start":{"line":7,"column":537},"end":{"line":7,"column":556}},"15":{"start":{"line":9,"column":18},"end":{"line":9,"column":40}},"16":{"start":{"line":11,"column":19},"end":{"line":11,"column":54}},"17":{"start":{"line":13,"column":14},"end":{"line":13,"column":32}},"18":{"start":{"line":15,"column":15},"end":{"line":15,"column":46}},"19":{"start":{"line":17,"column":12},"end":{"line":17,"column":27}},"20":{"start":{"line":19,"column":13},"end":{"line":19,"column":42}},"21":{"start":{"line":21,"column":15},"end":{"line":21,"column":33}},"22":{"start":{"line":23,"column":16},"end":{"line":23,"column":48}},"23":{"start":{"line":25,"column":39},"end":{"line":25,"column":93}},"24":{"start":{"line":27,"column":50},"end":{"line":27,"column":151}},"25":{"start":{"line":27,"column":92},"end":{"line":27,"column":149}},"26":{"start":{"line":34,"column":22},"end":{"line":40,"column":1}},"27":{"start":{"line":35,"column":19},"end":{"line":35,"column":110}},"28":{"start":{"line":36,"column":2},"end":{"line":39,"column":4}},"29":{"start":{"line":47,"column":20},"end":{"line":52,"column":1}},"30":{"start":{"line":48,"column":19},"end":{"line":48,"column":119}},"31":{"start":{"line":49,"column":2},"end":{"line":51,"column":17}},"32":{"start":{"line":58,"column":22},"end":{"line":224,"column":3}},"33":{"start":{"line":60,"column":4},"end":{"line":60,"column":43}},"34":{"start":{"line":62,"column":4},"end":{"line":62,"column":25}},"35":{"start":{"line":64,"column":4},"end":{"line":67,"column":7}},"36":{"start":{"line":69,"column":4},"end":{"line":69,"column":40}},"37":{"start":{"line":77,"column":2},"end":{"line":221,"column":6}},"38":{"start":{"line":80,"column":18},"end":{"line":80,"column":22}},"39":{"start":{"line":82,"column":6},"end":{"line":99,"column":9}},"40":{"start":{"line":83,"column":8},"end":{"line":83,"column":38}},"41":{"start":{"line":84,"column":21},"end":{"line":87,"column":9}},"42":{"start":{"line":88,"column":8},"end":{"line":98,"column":11}},"43":{"start":{"line":89,"column":10},"end":{"line":97,"column":11}},"44":{"start":{"line":90,"column":12},"end":{"line":90,"column":24}},"45":{"start":{"line":92,"column":25},"end":{"line":95,"column":14}},"46":{"start":{"line":93,"column":25},"end":{"line":93,"column":54}},"47":{"start":{"line":94,"column":14},"end":{"line":94,"column":59}},"48":{"start":{"line":96,"column":12},"end":{"line":96,"column":28}},"49":{"start":{"line":109,"column":19},"end":{"line":109,"column":23}},"50":{"start":{"line":111,"column":6},"end":{"line":128,"column":9}},"51":{"start":{"line":112,"column":8},"end":{"line":112,"column":38}},"52":{"start":{"line":113,"column":21},"end":{"line":116,"column":9}},"53":{"start":{"line":117,"column":8},"end":{"line":127,"column":11}},"54":{"start":{"line":118,"column":10},"end":{"line":126,"column":11}},"55":{"start":{"line":119,"column":12},"end":{"line":119,"column":24}},"56":{"start":{"line":121,"column":25},"end":{"line":124,"column":14}},"57":{"start":{"line":122,"column":25},"end":{"line":122,"column":54}},"58":{"start":{"line":123,"column":14},"end":{"line":123,"column":56}},"59":{"start":{"line":125,"column":12},"end":{"line":125,"column":28}},"60":{"start":{"line":138,"column":19},"end":{"line":138,"column":23}},"61":{"start":{"line":140,"column":6},"end":{"line":167,"column":9}},"62":{"start":{"line":141,"column":8},"end":{"line":141,"column":39}},"63":{"start":{"line":142,"column":25},"end":{"line":142,"column":61}},"64":{"start":{"line":143,"column":17},"end":{"line":143,"column":42}},"65":{"start":{"line":144,"column":21},"end":{"line":144,"column":45}},"66":{"start":{"line":146,"column":20},"end":{"line":146,"column":41}},"67":{"start":{"line":147,"column":23},"end":{"line":147,"column":37}},"68":{"start":{"line":149,"column":8},"end":{"line":166,"column":11}},"69":{"start":{"line":154,"column":10},"end":{"line":156,"column":11}},"70":{"start":{"line":155,"column":12},"end":{"line":155,"column":28}},"71":{"start":{"line":157,"column":10},"end":{"line":165,"column":13}},"72":{"start":{"line":158,"column":12},"end":{"line":164,"column":13}},"73":{"start":{"line":159,"column":14},"end":{"line":159,"column":45}},"74":{"start":{"line":160,"column":14},"end":{"line":160,"column":49}},"75":{"start":{"line":162,"column":14},"end":{"line":162,"column":38}},"76":{"start":{"line":163,"column":14},"end":{"line":163,"column":48}},"77":{"start":{"line":177,"column":16},"end":{"line":177,"column":30}},"78":{"start":{"line":180,"column":6},"end":{"line":180,"column":23}},"79":{"start":{"line":182,"column":19},"end":{"line":185,"column":7}},"80":{"start":{"line":187,"column":6},"end":{"line":191,"column":9}},"81":{"start":{"line":188,"column":8},"end":{"line":188,"column":73}},"82":{"start":{"line":190,"column":8},"end":{"line":190,"column":46}},"83":{"start":{"line":201,"column":16},"end":{"line":201,"column":30}},"84":{"start":{"line":204,"column":6},"end":{"line":204,"column":23}},"85":{"start":{"line":206,"column":19},"end":{"line":209,"column":7}},"86":{"start":{"line":211,"column":6},"end":{"line":219,"column":7}},"87":{"start":{"line":212,"column":8},"end":{"line":216,"column":11}},"88":{"start":{"line":213,"column":10},"end":{"line":213,"column":63}},"89":{"start":{"line":215,"column":10},"end":{"line":215,"column":48}},"90":{"start":{"line":218,"column":8},"end":{"line":218,"column":59}},"91":{"start":{"line":223,"column":2},"end":{"line":223,"column":25}},"92":{"start":{"line":226,"column":0},"end":{"line":226,"column":34}}},"fnMap":{"0":{"name":"(anonymous_0)","decl":{"start":{"line":7,"column":19},"end":{"line":7,"column":20}},"loc":{"start":{"line":7,"column":31},"end":{"line":7,"column":561}},"line":7},"1":{"name":"defineProperties","decl":{"start":{"line":7,"column":42},"end":{"line":7,"column":58}},"loc":{"start":{"line":7,"column":74},"end":{"line":7,"column":349}},"line":7},"2":{"name":"(anonymous_2)","decl":{"start":{"line":7,"column":357},"end":{"line":7,"column":358}},"loc":{"start":{"line":7,"column":405},"end":{"line":7,"column":558}},"line":7},"3":{"name":"_interopRequireDefault","decl":{"start":{"line":25,"column":9},"end":{"line":25,"column":31}},"loc":{"start":{"line":25,"column":37},"end":{"line":25,"column":95}},"line":25},"4":{"name":"_classCallCheck","decl":{"start":{"line":27,"column":9},"end":{"line":27,"column":24}},"loc":{"start":{"line":27,"column":48},"end":{"line":27,"column":153}},"line":27},"5":{"name":"defaultResponse","decl":{"start":{"line":34,"column":31},"end":{"line":34,"column":46}},"loc":{"start":{"line":34,"column":53},"end":{"line":40,"column":1}},"line":34},"6":{"name":"errorResponse","decl":{"start":{"line":47,"column":29},"end":{"line":47,"column":42}},"loc":{"start":{"line":47,"column":52},"end":{"line":52,"column":1}},"line":47},"7":{"name":"(anonymous_7)","decl":{"start":{"line":58,"column":22},"end":{"line":58,"column":23}},"loc":{"start":{"line":58,"column":34},"end":{"line":224,"column":1}},"line":58},"8":{"name":"ImageController","decl":{"start":{"line":59,"column":11},"end":{"line":59,"column":26}},"loc":{"start":{"line":59,"column":35},"end":{"line":70,"column":3}},"line":59},"9":{"name":"list","decl":{"start":{"line":79,"column":20},"end":{"line":79,"column":24}},"loc":{"start":{"line":79,"column":27},"end":{"line":100,"column":5}},"line":79},"10":{"name":"(anonymous_10)","decl":{"start":{"line":82,"column":25},"end":{"line":82,"column":26}},"loc":{"start":{"line":82,"column":52},"end":{"line":99,"column":7}},"line":82},"11":{"name":"(anonymous_11)","decl":{"start":{"line":88,"column":37},"end":{"line":88,"column":38}},"loc":{"start":{"line":88,"column":61},"end":{"line":98,"column":9}},"line":88},"12":{"name":"(anonymous_12)","decl":{"start":{"line":92,"column":46},"end":{"line":92,"column":47}},"loc":{"start":{"line":92,"column":63},"end":{"line":95,"column":13}},"line":92},"13":{"name":"listThumbs","decl":{"start":{"line":108,"column":20},"end":{"line":108,"column":30}},"loc":{"start":{"line":108,"column":33},"end":{"line":129,"column":5}},"line":108},"14":{"name":"(anonymous_14)","decl":{"start":{"line":111,"column":25},"end":{"line":111,"column":26}},"loc":{"start":{"line":111,"column":52},"end":{"line":128,"column":7}},"line":111},"15":{"name":"(anonymous_15)","decl":{"start":{"line":117,"column":38},"end":{"line":117,"column":39}},"loc":{"start":{"line":117,"column":62},"end":{"line":127,"column":9}},"line":117},"16":{"name":"(anonymous_16)","decl":{"start":{"line":121,"column":46},"end":{"line":121,"column":47}},"loc":{"start":{"line":121,"column":63},"end":{"line":124,"column":13}},"line":121},"17":{"name":"uploadImage","decl":{"start":{"line":137,"column":20},"end":{"line":137,"column":31}},"loc":{"start":{"line":137,"column":37},"end":{"line":168,"column":5}},"line":137},"18":{"name":"(anonymous_18)","decl":{"start":{"line":140,"column":25},"end":{"line":140,"column":26}},"loc":{"start":{"line":140,"column":52},"end":{"line":167,"column":7}},"line":140},"19":{"name":"(anonymous_19)","decl":{"start":{"line":153,"column":11},"end":{"line":153,"column":12}},"loc":{"start":{"line":153,"column":30},"end":{"line":166,"column":9}},"line":153},"20":{"name":"(anonymous_20)","decl":{"start":{"line":157,"column":113},"end":{"line":157,"column":114}},"loc":{"start":{"line":157,"column":145},"end":{"line":165,"column":11}},"line":157},"21":{"name":"getImage","decl":{"start":{"line":176,"column":20},"end":{"line":176,"column":28}},"loc":{"start":{"line":176,"column":39},"end":{"line":192,"column":5}},"line":176},"22":{"name":"(anonymous_22)","decl":{"start":{"line":187,"column":73},"end":{"line":187,"column":74}},"loc":{"start":{"line":187,"column":85},"end":{"line":189,"column":7}},"line":187},"23":{"name":"(anonymous_23)","decl":{"start":{"line":189,"column":22},"end":{"line":189,"column":23}},"loc":{"start":{"line":189,"column":34},"end":{"line":191,"column":7}},"line":189},"24":{"name":"getThumb","decl":{"start":{"line":200,"column":20},"end":{"line":200,"column":28}},"loc":{"start":{"line":200,"column":39},"end":{"line":220,"column":5}},"line":200},"25":{"name":"(anonymous_25)","decl":{"start":{"line":212,"column":75},"end":{"line":212,"column":76}},"loc":{"start":{"line":212,"column":90},"end":{"line":214,"column":9}},"line":212},"26":{"name":"(anonymous_26)","decl":{"start":{"line":214,"column":24},"end":{"line":214,"column":25}},"loc":{"start":{"line":214,"column":36},"end":{"line":216,"column":9}},"line":214}},"branchMap":{"0":{"loc":{"start":{"line":7,"column":168},"end":{"line":7,"column":198}},"type":"binary-expr","locations":[{"start":{"line":7,"column":168},"end":{"line":7,"column":189}},{"start":{"line":7,"column":193},"end":{"line":7,"column":198}}],"line":7},"1":{"loc":{"start":{"line":7,"column":232},"end":{"line":7,"column":286}},"type":"if","locations":[{"start":{"line":7,"column":232},"end":{"line":7,"column":286}},{"start":{"line":7,"column":232},"end":{"line":7,"column":286}}],"line":7},"2":{"loc":{"start":{"line":7,"column":407},"end":{"line":7,"column":475}},"type":"if","locations":[{"start":{"line":7,"column":407},"end":{"line":7,"column":475}},{"start":{"line":7,"column":407},"end":{"line":7,"column":475}}],"line":7},"3":{"loc":{"start":{"line":7,"column":476},"end":{"line":7,"column":536}},"type":"if","locations":[{"start":{"line":7,"column":476},"end":{"line":7,"column":536}},{"start":{"line":7,"column":476},"end":{"line":7,"column":536}}],"line":7},"4":{"loc":{"start":{"line":25,"column":46},"end":{"line":25,"column":92}},"type":"cond-expr","locations":[{"start":{"line":25,"column":70},"end":{"line":25,"column":73}},{"start":{"line":25,"column":76},"end":{"line":25,"column":92}}],"line":25},"5":{"loc":{"start":{"line":25,"column":46},"end":{"line":25,"column":67}},"type":"binary-expr","locations":[{"start":{"line":25,"column":46},"end":{"line":25,"column":49}},{"start":{"line":25,"column":53},"end":{"line":25,"column":67}}],"line":25},"6":{"loc":{"start":{"line":27,"column":50},"end":{"line":27,"column":151}},"type":"if","locations":[{"start":{"line":27,"column":50},"end":{"line":27,"column":151}},{"start":{"line":27,"column":50},"end":{"line":27,"column":151}}],"line":27},"7":{"loc":{"start":{"line":35,"column":19},"end":{"line":35,"column":110}},"type":"cond-expr","locations":[{"start":{"line":35,"column":72},"end":{"line":35,"column":84}},{"start":{"line":35,"column":87},"end":{"line":35,"column":110}}],"line":35},"8":{"loc":{"start":{"line":35,"column":19},"end":{"line":35,"column":69}},"type":"binary-expr","locations":[{"start":{"line":35,"column":19},"end":{"line":35,"column":39}},{"start":{"line":35,"column":43},"end":{"line":35,"column":69}}],"line":35},"9":{"loc":{"start":{"line":48,"column":19},"end":{"line":48,"column":119}},"type":"cond-expr","locations":[{"start":{"line":48,"column":72},"end":{"line":48,"column":84}},{"start":{"line":48,"column":87},"end":{"line":48,"column":119}}],"line":48},"10":{"loc":{"start":{"line":48,"column":19},"end":{"line":48,"column":69}},"type":"binary-expr","locations":[{"start":{"line":48,"column":19},"end":{"line":48,"column":39}},{"start":{"line":48,"column":43},"end":{"line":48,"column":69}}],"line":48},"11":{"loc":{"start":{"line":89,"column":10},"end":{"line":97,"column":11}},"type":"if","locations":[{"start":{"line":89,"column":10},"end":{"line":97,"column":11}},{"start":{"line":89,"column":10},"end":{"line":97,"column":11}}],"line":89},"12":{"loc":{"start":{"line":118,"column":10},"end":{"line":126,"column":11}},"type":"if","locations":[{"start":{"line":118,"column":10},"end":{"line":126,"column":11}},{"start":{"line":118,"column":10},"end":{"line":126,"column":11}}],"line":118},"13":{"loc":{"start":{"line":154,"column":10},"end":{"line":156,"column":11}},"type":"if","locations":[{"start":{"line":154,"column":10},"end":{"line":156,"column":11}},{"start":{"line":154,"column":10},"end":{"line":156,"column":11}}],"line":154},"14":{"loc":{"start":{"line":158,"column":12},"end":{"line":164,"column":13}},"type":"if","locations":[{"start":{"line":158,"column":12},"end":{"line":164,"column":13}},{"start":{"line":158,"column":12},"end":{"line":164,"column":13}}],"line":158},"15":{"loc":{"start":{"line":158,"column":16},"end":{"line":158,"column":58}},"type":"binary-expr","locations":[{"start":{"line":158,"column":16},"end":{"line":158,"column":27}},{"start":{"line":158,"column":31},"end":{"line":158,"column":58}}],"line":158}},"s":{"0":1,"1":1,"2":1,"3":5,"4":5,"5":5,"6":5,"7":5,"8":5,"9":1,"10":1,"11":1,"12":1,"13":0,"14":1,"15":1,"16":1,"17":1,"18":1,"19":1,"20":1,"21":1,"22":1,"23":4,"24":1,"25":0,"26":1,"27":0,"28":0,"29":1,"30":0,"31":0,"32":1,"33":1,"34":1,"35":1,"36":1,"37":1,"38":0,"39":0,"40":0,"41":0,"42":0,"43":0,"44":0,"45":0,"46":0,"47":0,"48":0,"49":0,"50":0,"51":0,"52":0,"53":0,"54":0,"55":0,"56":0,"57":0,"58":0,"59":0,"60":0,"61":0,"62":0,"63":0,"64":0,"65":0,"66":0,"67":0,"68":0,"69":0,"70":0,"71":0,"72":0,"73":0,"74":0,"75":0,"76":0,"77":0,"78":0,"79":0,"80":0,"81":0,"82":0,"83":0,"84":0,"85":0,"86":0,"87":0,"88":0,"89":0,"90":0,"91":1,"92":1},"f":{"0":1,"1":1,"2":1,"3":4,"4":1,"5":0,"6":0,"7":1,"8":1,"9":0,"10":0,"11":0,"12":0,"13":0,"14":0,"15":0,"16":0,"17":0,"18":0,"19":0,"20":0,"21":0,"22":0,"23":0,"24":0,"25":0,"26":0},"b":{"0":[5,5],"1":[5,0],"2":[1,0],"3":[0,1],"4":[0,4],"5":[4,4],"6":[0,1],"7":[0,0],"8":[0,0],"9":[0,0],"10":[0,0],"11":[0,0],"12":[0,0],"13":[0,0],"14":[0,0],"15":[0,0]},"_coverageSchema":"d34fc3e6b8297bcde183f5492bcb8fcb36775295","hash":"460aa3273fa799a6073158e2f95ac0596a209b73","contentHash":"7f81bcc90e585714797ee175f67e11b4_12.0.2"},"/www/destemperados/node-media-share-api/src/routes/feed.js":{"path":"/www/destemperados/node-media-share-api/src/routes/feed.js","statementMap":{"0":{"start":{"line":3,"column":0},"end":{"line":5,"column":3}},"1":{"start":{"line":7,"column":12},"end":{"line":7,"column":42}},"2":{"start":{"line":9,"column":13},"end":{"line":9,"column":42}},"3":{"start":{"line":11,"column":39},"end":{"line":11,"column":93}},"4":{"start":{"line":13,"column":0},"end":{"line":24,"column":2}},"5":{"start":{"line":14,"column":23},"end":{"line":14,"column":53}},"6":{"start":{"line":15,"column":2},"end":{"line":23,"column":5}},"7":{"start":{"line":16,"column":4},"end":{"line":22,"column":7}},"8":{"start":{"line":17,"column":6},"end":{"line":17,"column":22}},"9":{"start":{"line":18,"column":6},"end":{"line":18,"column":25}},"10":{"start":{"line":20,"column":6},"end":{"line":20,"column":38}},"11":{"start":{"line":21,"column":6},"end":{"line":21,"column":30}}},"fnMap":{"0":{"name":"_interopRequireDefault","decl":{"start":{"line":11,"column":9},"end":{"line":11,"column":31}},"loc":{"start":{"line":11,"column":37},"end":{"line":11,"column":95}},"line":11},"1":{"name":"(anonymous_1)","decl":{"start":{"line":13,"column":18},"end":{"line":13,"column":19}},"loc":{"start":{"line":13,"column":33},"end":{"line":24,"column":1}},"line":13},"2":{"name":"(anonymous_2)","decl":{"start":{"line":15,"column":25},"end":{"line":15,"column":26}},"loc":{"start":{"line":15,"column":45},"end":{"line":23,"column":3}},"line":15},"3":{"name":"(anonymous_3)","decl":{"start":{"line":16,"column":30},"end":{"line":16,"column":31}},"loc":{"start":{"line":16,"column":50},"end":{"line":19,"column":5}},"line":16},"4":{"name":"(anonymous_4)","decl":{"start":{"line":19,"column":13},"end":{"line":19,"column":14}},"loc":{"start":{"line":19,"column":33},"end":{"line":22,"column":5}},"line":19}},"branchMap":{"0":{"loc":{"start":{"line":11,"column":46},"end":{"line":11,"column":92}},"type":"cond-expr","locations":[{"start":{"line":11,"column":70},"end":{"line":11,"column":73}},{"start":{"line":11,"column":76},"end":{"line":11,"column":92}}],"line":11},"1":{"loc":{"start":{"line":11,"column":46},"end":{"line":11,"column":67}},"type":"binary-expr","locations":[{"start":{"line":11,"column":46},"end":{"line":11,"column":49}},{"start":{"line":11,"column":53},"end":{"line":11,"column":67}}],"line":11}},"s":{"0":1,"1":1,"2":1,"3":1,"4":1,"5":1,"6":1,"7":0,"8":0,"9":0,"10":0,"11":0},"f":{"0":1,"1":1,"2":0,"3":0,"4":0},"b":{"0":[1,0],"1":[1,1]},"_coverageSchema":"d34fc3e6b8297bcde183f5492bcb8fcb36775295","hash":"4cf4df8eed09e48fb1c74b29c48f04d01cdb68c4","contentHash":"0570ca29a98fb62883092f4318b35ac0_12.0.2"},"/www/destemperados/node-media-share-api/src/controllers/feed.js":{"path":"/www/destemperados/node-media-share-api/src/controllers/feed.js","statementMap":{"0":{"start":{"line":3,"column":0},"end":{"line":5,"column":3}},"1":{"start":{"line":7,"column":19},"end":{"line":7,"column":563}},"2":{"start":{"line":7,"column":76},"end":{"line":7,"column":347}},"3":{"start":{"line":7,"column":134},"end":{"line":7,"column":142}},"4":{"start":{"line":7,"column":144},"end":{"line":7,"column":199}},"5":{"start":{"line":7,"column":200},"end":{"line":7,"column":231}},"6":{"start":{"line":7,"column":232},"end":{"line":7,"column":286}},"7":{"start":{"line":7,"column":259},"end":{"line":7,"column":286}},"8":{"start":{"line":7,"column":287},"end":{"line":7,"column":345}},"9":{"start":{"line":7,"column":350},"end":{"line":7,"column":559}},"10":{"start":{"line":7,"column":407},"end":{"line":7,"column":475}},"11":{"start":{"line":7,"column":423},"end":{"line":7,"column":475}},"12":{"start":{"line":7,"column":476},"end":{"line":7,"column":536}},"13":{"start":{"line":7,"column":493},"end":{"line":7,"column":536}},"14":{"start":{"line":7,"column":537},"end":{"line":7,"column":556}},"15":{"start":{"line":9,"column":18},"end":{"line":9,"column":40}},"16":{"start":{"line":11,"column":19},"end":{"line":11,"column":54}},"17":{"start":{"line":13,"column":14},"end":{"line":13,"column":32}},"18":{"start":{"line":15,"column":15},"end":{"line":15,"column":46}},"19":{"start":{"line":17,"column":20},"end":{"line":17,"column":44}},"20":{"start":{"line":19,"column":21},"end":{"line":19,"column":58}},"21":{"start":{"line":21,"column":13},"end":{"line":21,"column":29}},"22":{"start":{"line":23,"column":14},"end":{"line":23,"column":44}},"23":{"start":{"line":25,"column":23},"end":{"line":25,"column":61}},"24":{"start":{"line":27,"column":24},"end":{"line":27,"column":64}},"25":{"start":{"line":29,"column":39},"end":{"line":29,"column":93}},"26":{"start":{"line":31,"column":50},"end":{"line":31,"column":151}},"27":{"start":{"line":31,"column":92},"end":{"line":31,"column":149}},"28":{"start":{"line":38,"column":22},"end":{"line":44,"column":1}},"29":{"start":{"line":39,"column":19},"end":{"line":39,"column":110}},"30":{"start":{"line":40,"column":2},"end":{"line":43,"column":4}},"31":{"start":{"line":51,"column":20},"end":{"line":56,"column":1}},"32":{"start":{"line":52,"column":19},"end":{"line":52,"column":119}},"33":{"start":{"line":53,"column":2},"end":{"line":55,"column":17}},"34":{"start":{"line":62,"column":21},"end":{"line":183,"column":3}},"35":{"start":{"line":64,"column":4},"end":{"line":64,"column":42}},"36":{"start":{"line":66,"column":4},"end":{"line":66,"column":48}},"37":{"start":{"line":67,"column":4},"end":{"line":67,"column":45}},"38":{"start":{"line":68,"column":4},"end":{"line":68,"column":25}},"39":{"start":{"line":70,"column":4},"end":{"line":73,"column":7}},"40":{"start":{"line":75,"column":4},"end":{"line":75,"column":40}},"41":{"start":{"line":83,"column":2},"end":{"line":180,"column":6}},"42":{"start":{"line":86,"column":6},"end":{"line":97,"column":7}},"43":{"start":{"line":87,"column":20},"end":{"line":87,"column":27}},"44":{"start":{"line":88,"column":19},"end":{"line":88,"column":49}},"45":{"start":{"line":90,"column":8},"end":{"line":92,"column":9}},"46":{"start":{"line":91,"column":10},"end":{"line":91,"column":43}},"47":{"start":{"line":94,"column":8},"end":{"line":94,"column":20}},"48":{"start":{"line":96,"column":8},"end":{"line":96,"column":32}},"49":{"start":{"line":102,"column":18},"end":{"line":102,"column":22}},"50":{"start":{"line":104,"column":6},"end":{"line":113,"column":9}},"51":{"start":{"line":105,"column":18},"end":{"line":105,"column":33}},"52":{"start":{"line":106,"column":8},"end":{"line":112,"column":11}},"53":{"start":{"line":107,"column":10},"end":{"line":109,"column":11}},"54":{"start":{"line":108,"column":12},"end":{"line":108,"column":31}},"55":{"start":{"line":110,"column":10},"end":{"line":110,"column":40}},"56":{"start":{"line":111,"column":10},"end":{"line":111,"column":43}},"57":{"start":{"line":118,"column":19},"end":{"line":118,"column":23}},"58":{"start":{"line":120,"column":6},"end":{"line":147,"column":9}},"59":{"start":{"line":121,"column":8},"end":{"line":146,"column":9}},"60":{"start":{"line":122,"column":10},"end":{"line":122,"column":38}},"61":{"start":{"line":123,"column":21},"end":{"line":123,"column":23}},"62":{"start":{"line":124,"column":21},"end":{"line":124,"column":48}},"63":{"start":{"line":126,"column":10},"end":{"line":129,"column":11}},"64":{"start":{"line":127,"column":22},"end":{"line":127,"column":39}},"65":{"start":{"line":128,"column":12},"end":{"line":128,"column":27}},"66":{"start":{"line":130,"column":10},"end":{"line":130,"column":26}},"67":{"start":{"line":132,"column":10},"end":{"line":132,"column":51}},"68":{"start":{"line":134,"column":20},"end":{"line":134,"column":35}},"69":{"start":{"line":136,"column":10},"end":{"line":140,"column":13}},"70":{"start":{"line":137,"column":12},"end":{"line":137,"column":38}},"71":{"start":{"line":138,"column":12},"end":{"line":138,"column":38}},"72":{"start":{"line":139,"column":12},"end":{"line":139,"column":46}},"73":{"start":{"line":142,"column":10},"end":{"line":142,"column":37}},"74":{"start":{"line":143,"column":10},"end":{"line":143,"column":31}},"75":{"start":{"line":145,"column":10},"end":{"line":145,"column":27}},"76":{"start":{"line":157,"column":19},"end":{"line":157,"column":23}},"77":{"start":{"line":159,"column":6},"end":{"line":178,"column":9}},"78":{"start":{"line":160,"column":21},"end":{"line":163,"column":9}},"79":{"start":{"line":164,"column":8},"end":{"line":177,"column":11}},"80":{"start":{"line":165,"column":10},"end":{"line":176,"column":11}},"81":{"start":{"line":166,"column":12},"end":{"line":166,"column":24}},"82":{"start":{"line":168,"column":25},"end":{"line":174,"column":14}},"83":{"start":{"line":169,"column":25},"end":{"line":169,"column":54}},"84":{"start":{"line":170,"column":14},"end":{"line":173,"column":16}},"85":{"start":{"line":175,"column":12},"end":{"line":175,"column":28}},"86":{"start":{"line":182,"column":2},"end":{"line":182,"column":24}},"87":{"start":{"line":185,"column":0},"end":{"line":185,"column":33}}},"fnMap":{"0":{"name":"(anonymous_0)","decl":{"start":{"line":7,"column":19},"end":{"line":7,"column":20}},"loc":{"start":{"line":7,"column":31},"end":{"line":7,"column":561}},"line":7},"1":{"name":"defineProperties","decl":{"start":{"line":7,"column":42},"end":{"line":7,"column":58}},"loc":{"start":{"line":7,"column":74},"end":{"line":7,"column":349}},"line":7},"2":{"name":"(anonymous_2)","decl":{"start":{"line":7,"column":357},"end":{"line":7,"column":358}},"loc":{"start":{"line":7,"column":405},"end":{"line":7,"column":558}},"line":7},"3":{"name":"_interopRequireDefault","decl":{"start":{"line":29,"column":9},"end":{"line":29,"column":31}},"loc":{"start":{"line":29,"column":37},"end":{"line":29,"column":95}},"line":29},"4":{"name":"_classCallCheck","decl":{"start":{"line":31,"column":9},"end":{"line":31,"column":24}},"loc":{"start":{"line":31,"column":48},"end":{"line":31,"column":153}},"line":31},"5":{"name":"defaultResponse","decl":{"start":{"line":38,"column":31},"end":{"line":38,"column":46}},"loc":{"start":{"line":38,"column":53},"end":{"line":44,"column":1}},"line":38},"6":{"name":"errorResponse","decl":{"start":{"line":51,"column":29},"end":{"line":51,"column":42}},"loc":{"start":{"line":51,"column":52},"end":{"line":56,"column":1}},"line":51},"7":{"name":"(anonymous_7)","decl":{"start":{"line":62,"column":21},"end":{"line":62,"column":22}},"loc":{"start":{"line":62,"column":33},"end":{"line":183,"column":1}},"line":62},"8":{"name":"FeedController","decl":{"start":{"line":63,"column":11},"end":{"line":63,"column":25}},"loc":{"start":{"line":63,"column":34},"end":{"line":76,"column":3}},"line":63},"9":{"name":"get","decl":{"start":{"line":85,"column":26},"end":{"line":85,"column":29}},"loc":{"start":{"line":85,"column":32},"end":{"line":98,"column":5}},"line":85},"10":{"name":"getFeedCache","decl":{"start":{"line":101,"column":20},"end":{"line":101,"column":32}},"loc":{"start":{"line":101,"column":40},"end":{"line":114,"column":5}},"line":101},"11":{"name":"(anonymous_11)","decl":{"start":{"line":104,"column":25},"end":{"line":104,"column":26}},"loc":{"start":{"line":104,"column":52},"end":{"line":113,"column":7}},"line":104},"12":{"name":"(anonymous_12)","decl":{"start":{"line":106,"column":29},"end":{"line":106,"column":30}},"loc":{"start":{"line":106,"column":50},"end":{"line":112,"column":9}},"line":106},"13":{"name":"setFeed","decl":{"start":{"line":117,"column":20},"end":{"line":117,"column":27}},"loc":{"start":{"line":117,"column":35},"end":{"line":148,"column":5}},"line":117},"14":{"name":"(anonymous_14)","decl":{"start":{"line":120,"column":25},"end":{"line":120,"column":26}},"loc":{"start":{"line":120,"column":58},"end":{"line":147,"column":7}},"line":120},"15":{"name":"(anonymous_15)","decl":{"start":{"line":136,"column":54},"end":{"line":136,"column":55}},"loc":{"start":{"line":136,"column":75},"end":{"line":140,"column":11}},"line":136},"16":{"name":"getVideos","decl":{"start":{"line":156,"column":20},"end":{"line":156,"column":29}},"loc":{"start":{"line":156,"column":32},"end":{"line":179,"column":5}},"line":156},"17":{"name":"(anonymous_17)","decl":{"start":{"line":159,"column":25},"end":{"line":159,"column":26}},"loc":{"start":{"line":159,"column":52},"end":{"line":178,"column":7}},"line":159},"18":{"name":"(anonymous_18)","decl":{"start":{"line":164,"column":38},"end":{"line":164,"column":39}},"loc":{"start":{"line":164,"column":62},"end":{"line":177,"column":9}},"line":164},"19":{"name":"(anonymous_19)","decl":{"start":{"line":168,"column":46},"end":{"line":168,"column":47}},"loc":{"start":{"line":168,"column":63},"end":{"line":174,"column":13}},"line":168}},"branchMap":{"0":{"loc":{"start":{"line":7,"column":168},"end":{"line":7,"column":198}},"type":"binary-expr","locations":[{"start":{"line":7,"column":168},"end":{"line":7,"column":189}},{"start":{"line":7,"column":193},"end":{"line":7,"column":198}}],"line":7},"1":{"loc":{"start":{"line":7,"column":232},"end":{"line":7,"column":286}},"type":"if","locations":[{"start":{"line":7,"column":232},"end":{"line":7,"column":286}},{"start":{"line":7,"column":232},"end":{"line":7,"column":286}}],"line":7},"2":{"loc":{"start":{"line":7,"column":407},"end":{"line":7,"column":475}},"type":"if","locations":[{"start":{"line":7,"column":407},"end":{"line":7,"column":475}},{"start":{"line":7,"column":407},"end":{"line":7,"column":475}}],"line":7},"3":{"loc":{"start":{"line":7,"column":476},"end":{"line":7,"column":536}},"type":"if","locations":[{"start":{"line":7,"column":476},"end":{"line":7,"column":536}},{"start":{"line":7,"column":476},"end":{"line":7,"column":536}}],"line":7},"4":{"loc":{"start":{"line":29,"column":46},"end":{"line":29,"column":92}},"type":"cond-expr","locations":[{"start":{"line":29,"column":70},"end":{"line":29,"column":73}},{"start":{"line":29,"column":76},"end":{"line":29,"column":92}}],"line":29},"5":{"loc":{"start":{"line":29,"column":46},"end":{"line":29,"column":67}},"type":"binary-expr","locations":[{"start":{"line":29,"column":46},"end":{"line":29,"column":49}},{"start":{"line":29,"column":53},"end":{"line":29,"column":67}}],"line":29},"6":{"loc":{"start":{"line":31,"column":50},"end":{"line":31,"column":151}},"type":"if","locations":[{"start":{"line":31,"column":50},"end":{"line":31,"column":151}},{"start":{"line":31,"column":50},"end":{"line":31,"column":151}}],"line":31},"7":{"loc":{"start":{"line":39,"column":19},"end":{"line":39,"column":110}},"type":"cond-expr","locations":[{"start":{"line":39,"column":72},"end":{"line":39,"column":84}},{"start":{"line":39,"column":87},"end":{"line":39,"column":110}}],"line":39},"8":{"loc":{"start":{"line":39,"column":19},"end":{"line":39,"column":69}},"type":"binary-expr","locations":[{"start":{"line":39,"column":19},"end":{"line":39,"column":39}},{"start":{"line":39,"column":43},"end":{"line":39,"column":69}}],"line":39},"9":{"loc":{"start":{"line":52,"column":19},"end":{"line":52,"column":119}},"type":"cond-expr","locations":[{"start":{"line":52,"column":72},"end":{"line":52,"column":84}},{"start":{"line":52,"column":87},"end":{"line":52,"column":119}}],"line":52},"10":{"loc":{"start":{"line":52,"column":19},"end":{"line":52,"column":69}},"type":"binary-expr","locations":[{"start":{"line":52,"column":19},"end":{"line":52,"column":39}},{"start":{"line":52,"column":43},"end":{"line":52,"column":69}}],"line":52},"11":{"loc":{"start":{"line":90,"column":8},"end":{"line":92,"column":9}},"type":"if","locations":[{"start":{"line":90,"column":8},"end":{"line":92,"column":9}},{"start":{"line":90,"column":8},"end":{"line":92,"column":9}}],"line":90},"12":{"loc":{"start":{"line":107,"column":10},"end":{"line":109,"column":11}},"type":"if","locations":[{"start":{"line":107,"column":10},"end":{"line":109,"column":11}},{"start":{"line":107,"column":10},"end":{"line":109,"column":11}}],"line":107},"13":{"loc":{"start":{"line":165,"column":10},"end":{"line":176,"column":11}},"type":"if","locations":[{"start":{"line":165,"column":10},"end":{"line":176,"column":11}},{"start":{"line":165,"column":10},"end":{"line":176,"column":11}}],"line":165}},"s":{"0":1,"1":1,"2":1,"3":4,"4":4,"5":4,"6":4,"7":4,"8":4,"9":1,"10":1,"11":1,"12":1,"13":0,"14":1,"15":1,"16":1,"17":1,"18":1,"19":1,"20":1,"21":1,"22":1,"23":1,"24":1,"25":5,"26":1,"27":0,"28":1,"29":0,"30":0,"31":1,"32":0,"33":0,"34":1,"35":1,"36":1,"37":1,"38":1,"39":1,"40":1,"41":1,"42":0,"43":0,"44":0,"45":0,"46":0,"47":0,"48":0,"49":0,"50":0,"51":0,"52":0,"53":0,"54":0,"55":0,"56":0,"57":0,"58":0,"59":0,"60":0,"61":0,"62":0,"63":0,"64":0,"65":0,"66":0,"67":0,"68":0,"69":0,"70":0,"71":0,"72":0,"73":0,"74":0,"75":0,"76":0,"77":0,"78":0,"79":0,"80":0,"81":0,"82":0,"83":0,"84":0,"85":0,"86":1,"87":1},"f":{"0":1,"1":1,"2":1,"3":5,"4":1,"5":0,"6":0,"7":1,"8":1,"9":0,"10":0,"11":0,"12":0,"13":0,"14":0,"15":0,"16":0,"17":0,"18":0,"19":0},"b":{"0":[4,4],"1":[4,0],"2":[1,0],"3":[0,1],"4":[1,4],"5":[5,5],"6":[0,1],"7":[0,0],"8":[0,0],"9":[0,0],"10":[0,0],"11":[0,0],"12":[0,0],"13":[0,0]},"_coverageSchema":"d34fc3e6b8297bcde183f5492bcb8fcb36775295","hash":"333cb29f41469d79e6980ac39caf8b4eba966e5f","contentHash":"f1845cb75b23ea5511955516358bd911_12.0.2"},"/www/destemperados/node-media-share-api/src/services/HistoryServices.js":{"path":"/www/destemperados/node-media-share-api/src/services/HistoryServices.js","statementMap":{"0":{"start":{"line":3,"column":0},"end":{"line":5,"column":3}},"1":{"start":{"line":7,"column":19},"end":{"line":7,"column":563}},"2":{"start":{"line":7,"column":76},"end":{"line":7,"column":347}},"3":{"start":{"line":7,"column":134},"end":{"line":7,"column":142}},"4":{"start":{"line":7,"column":144},"end":{"line":7,"column":199}},"5":{"start":{"line":7,"column":200},"end":{"line":7,"column":231}},"6":{"start":{"line":7,"column":232},"end":{"line":7,"column":286}},"7":{"start":{"line":7,"column":259},"end":{"line":7,"column":286}},"8":{"start":{"line":7,"column":287},"end":{"line":7,"column":345}},"9":{"start":{"line":7,"column":350},"end":{"line":7,"column":559}},"10":{"start":{"line":7,"column":407},"end":{"line":7,"column":475}},"11":{"start":{"line":7,"column":423},"end":{"line":7,"column":475}},"12":{"start":{"line":7,"column":476},"end":{"line":7,"column":536}},"13":{"start":{"line":7,"column":493},"end":{"line":7,"column":536}},"14":{"start":{"line":7,"column":537},"end":{"line":7,"column":556}},"15":{"start":{"line":9,"column":10},"end":{"line":9,"column":33}},"16":{"start":{"line":11,"column":11},"end":{"line":11,"column":38}},"17":{"start":{"line":13,"column":20},"end":{"line":13,"column":53}},"18":{"start":{"line":15,"column":21},"end":{"line":15,"column":58}},"19":{"start":{"line":17,"column":16},"end":{"line":17,"column":46}},"20":{"start":{"line":19,"column":17},"end":{"line":19,"column":50}},"21":{"start":{"line":21,"column":39},"end":{"line":21,"column":93}},"22":{"start":{"line":23,"column":50},"end":{"line":23,"column":151}},"23":{"start":{"line":23,"column":92},"end":{"line":23,"column":149}},"24":{"start":{"line":25,"column":11},"end":{"line":25,"column":28}},"25":{"start":{"line":27,"column":21},"end":{"line":93,"column":3}},"26":{"start":{"line":29,"column":4},"end":{"line":29,"column":42}},"27":{"start":{"line":32,"column":2},"end":{"line":90,"column":6}},"28":{"start":{"line":35,"column":17},"end":{"line":35,"column":52}},"29":{"start":{"line":37,"column":6},"end":{"line":37,"column":18}},"30":{"start":{"line":42,"column":20},"end":{"line":42,"column":58}},"31":{"start":{"line":44,"column":6},"end":{"line":53,"column":7}},"32":{"start":{"line":45,"column":8},"end":{"line":52,"column":10}},"33":{"start":{"line":55,"column":6},"end":{"line":55,"column":21}},"34":{"start":{"line":60,"column":6},"end":{"line":60,"column":47}},"35":{"start":{"line":65,"column":6},"end":{"line":73,"column":9}},"36":{"start":{"line":66,"column":22},"end":{"line":66,"column":83}},"37":{"start":{"line":68,"column":8},"end":{"line":71,"column":9}},"38":{"start":{"line":69,"column":10},"end":{"line":69,"column":78}},"39":{"start":{"line":70,"column":10},"end":{"line":70,"column":22}},"40":{"start":{"line":72,"column":8},"end":{"line":72,"column":21}},"41":{"start":{"line":78,"column":6},"end":{"line":88,"column":9}},"42":{"start":{"line":79,"column":22},"end":{"line":79,"column":80}},"43":{"start":{"line":81,"column":8},"end":{"line":85,"column":9}},"44":{"start":{"line":82,"column":10},"end":{"line":82,"column":81}},"45":{"start":{"line":84,"column":10},"end":{"line":84,"column":22}},"46":{"start":{"line":87,"column":8},"end":{"line":87,"column":21}},"47":{"start":{"line":92,"column":2},"end":{"line":92,"column":24}},"48":{"start":{"line":95,"column":0},"end":{"line":95,"column":33}}},"fnMap":{"0":{"name":"(anonymous_0)","decl":{"start":{"line":7,"column":19},"end":{"line":7,"column":20}},"loc":{"start":{"line":7,"column":31},"end":{"line":7,"column":561}},"line":7},"1":{"name":"defineProperties","decl":{"start":{"line":7,"column":42},"end":{"line":7,"column":58}},"loc":{"start":{"line":7,"column":74},"end":{"line":7,"column":349}},"line":7},"2":{"name":"(anonymous_2)","decl":{"start":{"line":7,"column":357},"end":{"line":7,"column":358}},"loc":{"start":{"line":7,"column":405},"end":{"line":7,"column":558}},"line":7},"3":{"name":"_interopRequireDefault","decl":{"start":{"line":21,"column":9},"end":{"line":21,"column":31}},"loc":{"start":{"line":21,"column":37},"end":{"line":21,"column":95}},"line":21},"4":{"name":"_classCallCheck","decl":{"start":{"line":23,"column":9},"end":{"line":23,"column":24}},"loc":{"start":{"line":23,"column":48},"end":{"line":23,"column":153}},"line":23},"5":{"name":"(anonymous_5)","decl":{"start":{"line":27,"column":21},"end":{"line":27,"column":22}},"loc":{"start":{"line":27,"column":33},"end":{"line":93,"column":1}},"line":27},"6":{"name":"HistoryService","decl":{"start":{"line":28,"column":11},"end":{"line":28,"column":25}},"loc":{"start":{"line":28,"column":28},"end":{"line":30,"column":3}},"line":28},"7":{"name":"list","decl":{"start":{"line":34,"column":26},"end":{"line":34,"column":30}},"loc":{"start":{"line":34,"column":33},"end":{"line":38,"column":5}},"line":34},"8":{"name":"get","decl":{"start":{"line":41,"column":26},"end":{"line":41,"column":29}},"loc":{"start":{"line":41,"column":36},"end":{"line":56,"column":5}},"line":41},"9":{"name":"post","decl":{"start":{"line":59,"column":20},"end":{"line":59,"column":24}},"loc":{"start":{"line":59,"column":31},"end":{"line":61,"column":5}},"line":59},"10":{"name":"put","decl":{"start":{"line":64,"column":20},"end":{"line":64,"column":23}},"loc":{"start":{"line":64,"column":42},"end":{"line":74,"column":5}},"line":64},"11":{"name":"(anonymous_11)","decl":{"start":{"line":65,"column":30},"end":{"line":65,"column":31}},"loc":{"start":{"line":65,"column":51},"end":{"line":73,"column":7}},"line":65},"12":{"name":"_delete","decl":{"start":{"line":77,"column":20},"end":{"line":77,"column":27}},"loc":{"start":{"line":77,"column":43},"end":{"line":89,"column":5}},"line":77},"13":{"name":"(anonymous_13)","decl":{"start":{"line":78,"column":30},"end":{"line":78,"column":31}},"loc":{"start":{"line":78,"column":51},"end":{"line":88,"column":7}},"line":78}},"branchMap":{"0":{"loc":{"start":{"line":7,"column":168},"end":{"line":7,"column":198}},"type":"binary-expr","locations":[{"start":{"line":7,"column":168},"end":{"line":7,"column":189}},{"start":{"line":7,"column":193},"end":{"line":7,"column":198}}],"line":7},"1":{"loc":{"start":{"line":7,"column":232},"end":{"line":7,"column":286}},"type":"if","locations":[{"start":{"line":7,"column":232},"end":{"line":7,"column":286}},{"start":{"line":7,"column":232},"end":{"line":7,"column":286}}],"line":7},"2":{"loc":{"start":{"line":7,"column":407},"end":{"line":7,"column":475}},"type":"if","locations":[{"start":{"line":7,"column":407},"end":{"line":7,"column":475}},{"start":{"line":7,"column":407},"end":{"line":7,"column":475}}],"line":7},"3":{"loc":{"start":{"line":7,"column":476},"end":{"line":7,"column":536}},"type":"if","locations":[{"start":{"line":7,"column":476},"end":{"line":7,"column":536}},{"start":{"line":7,"column":476},"end":{"line":7,"column":536}}],"line":7},"4":{"loc":{"start":{"line":21,"column":46},"end":{"line":21,"column":92}},"type":"cond-expr","locations":[{"start":{"line":21,"column":70},"end":{"line":21,"column":73}},{"start":{"line":21,"column":76},"end":{"line":21,"column":92}}],"line":21},"5":{"loc":{"start":{"line":21,"column":46},"end":{"line":21,"column":67}},"type":"binary-expr","locations":[{"start":{"line":21,"column":46},"end":{"line":21,"column":49}},{"start":{"line":21,"column":53},"end":{"line":21,"column":67}}],"line":21},"6":{"loc":{"start":{"line":23,"column":50},"end":{"line":23,"column":151}},"type":"if","locations":[{"start":{"line":23,"column":50},"end":{"line":23,"column":151}},{"start":{"line":23,"column":50},"end":{"line":23,"column":151}}],"line":23},"7":{"loc":{"start":{"line":44,"column":6},"end":{"line":53,"column":7}},"type":"if","locations":[{"start":{"line":44,"column":6},"end":{"line":53,"column":7}},{"start":{"line":44,"column":6},"end":{"line":53,"column":7}}],"line":44},"8":{"loc":{"start":{"line":51,"column":21},"end":{"line":51,"column":97}},"type":"cond-expr","locations":[{"start":{"line":51,"column":41},"end":{"line":51,"column":90}},{"start":{"line":51,"column":93},"end":{"line":51,"column":97}}],"line":51},"9":{"loc":{"start":{"line":68,"column":8},"end":{"line":71,"column":9}},"type":"if","locations":[{"start":{"line":68,"column":8},"end":{"line":71,"column":9}},{"start":{"line":68,"column":8},"end":{"line":71,"column":9}}],"line":68},"10":{"loc":{"start":{"line":81,"column":8},"end":{"line":85,"column":9}},"type":"if","locations":[{"start":{"line":81,"column":8},"end":{"line":85,"column":9}},{"start":{"line":81,"column":8},"end":{"line":85,"column":9}}],"line":81}},"s":{"0":1,"1":1,"2":1,"3":5,"4":5,"5":5,"6":5,"7":5,"8":5,"9":1,"10":1,"11":0,"12":1,"13":1,"14":1,"15":1,"16":1,"17":1,"18":1,"19":1,"20":1,"21":3,"22":0,"23":0,"24":1,"25":1,"26":0,"27":1,"28":0,"29":0,"30":0,"31":0,"32":0,"33":0,"34":0,"35":0,"36":0,"37":0,"38":0,"39":0,"40":0,"41":0,"42":0,"43":0,"44":0,"45":0,"46":0,"47":1,"48":1},"f":{"0":1,"1":1,"2":1,"3":3,"4":0,"5":1,"6":0,"7":0,"8":0,"9":0,"10":0,"11":0,"12":0,"13":0},"b":{"0":[5,5],"1":[5,0],"2":[0,1],"3":[1,0],"4":[3,0],"5":[3,3],"6":[0,0],"7":[0,0],"8":[0,0],"9":[0,0],"10":[0,0]},"_coverageSchema":"d34fc3e6b8297bcde183f5492bcb8fcb36775295","hash":"c2dfedc10f44c3b22296e0dd267f629d0adaf2dd","contentHash":"c5ade819bf610a5f87f8b70ea9d15db7_12.0.2"},"/www/destemperados/node-media-share-api/src/config/db.js":{"path":"/www/destemperados/node-media-share-api/src/config/db.js","statementMap":{"0":{"start":{"line":3,"column":0},"end":{"line":5,"column":3}},"1":{"start":{"line":7,"column":14},"end":{"line":7,"column":268}},"2":{"start":{"line":7,"column":101},"end":{"line":7,"column":119}},"3":{"start":{"line":7,"column":141},"end":{"line":7,"column":266}},"4":{"start":{"line":9,"column":12},"end":{"line":9,"column":27}},"5":{"start":{"line":11,"column":13},"end":{"line":11,"column":42}},"6":{"start":{"line":13,"column":14},"end":{"line":13,"column":33}},"7":{"start":{"line":15,"column":15},"end":{"line":15,"column":46}},"8":{"start":{"line":17,"column":39},"end":{"line":17,"column":93}},"9":{"start":{"line":19,"column":9},"end":{"line":19,"column":
[...]
":153,"column":60}},"97":{"start":{"line":154,"column":6},"end":{"line":163,"column":9}},"98":{"start":{"line":155,"column":8},"end":{"line":162,"column":11}},"99":{"start":{"line":158,"column":10},"end":{"line":160,"column":11}},"100":{"start":{"line":159,"column":12},"end":{"line":159,"column":22}},"101":{"start":{"line":161,"column":10},"end":{"line":161,"column":29}},"102":{"start":{"line":173,"column":19},"end":{"line":173,"column":23}},"103":{"start":{"line":175,"column":6},"end":{"line":198,"column":9}},"104":{"start":{"line":176,"column":8},"end":{"line":176,"column":41}},"105":{"start":{"line":177,"column":24},"end":{"line":177,"column":56}},"106":{"start":{"line":178,"column":21},"end":{"line":178,"column":59}},"107":{"start":{"line":179,"column":25},"end":{"line":179,"column":52}},"108":{"start":{"line":180,"column":17},"end":{"line":180,"column":42}},"109":{"start":{"line":181,"column":21},"end":{"line":181,"column":45}},"110":{"start":{"line":183,"column":20},"end":{"line":183,"column":41}},"111":{"start":{"line":184,"column":23},"end":{"line":184,"column":46}},"112":{"start":{"line":185,"column":18},"end":{"line":185,"column":41}},"113":{"start":{"line":186,"column":8},"end":{"line":186,"column":45}},"114":{"start":{"line":187,"column":8},"end":{"line":197,"column":11}},"115":{"start":{"line":192,"column":10},"end":{"line":194,"column":11}},"116":{"start":{"line":193,"column":12},"end":{"line":193,"column":28}},"117":{"start":{"line":195,"column":10},"end":{"line":195,"column":34}},"118":{"start":{"line":196,"column":10},"end":{"line":196,"column":25}},"119":{"start":{"line":208,"column":19},"end":{"line":208,"column":23}},"120":{"start":{"line":210,"column":6},"end":{"line":231,"column":9}},"121":{"start":{"line":211,"column":8},"end":{"line":211,"column":33}},"122":{"start":{"line":212,"column":25},"end":{"line":212,"column":52}},"123":{"start":{"line":213,"column":17},"end":{"line":213,"column":42}},"124":{"start":{"line":214,"column":21},"end":{"line":214,"column":45}},"125":{"start":{"line":216,"column":20},"end":{"line":216,"column":41}},"126":{"start":{"line":217,"column":23},"end":{"line":217,"column":37}},"127":{"start":{"line":218,"column":18},"end":{"line":218,"column":38}},"128":{"start":{"line":220,"column":8},"end":{"line":230,"column":11}},"129":{"start":{"line":225,"column":10},"end":{"line":227,"column":11}},"130":{"start":{"line":226,"column":12},"end":{"line":226,"column":28}},"131":{"start":{"line":228,"column":10},"end":{"line":228,"column":34}},"132":{"start":{"line":229,"column":10},"end":{"line":229,"column":25}},"133":{"start":{"line":241,"column":16},"end":{"line":241,"column":30}},"134":{"start":{"line":244,"column":6},"end":{"line":244,"column":23}},"135":{"start":{"line":246,"column":19},"end":{"line":249,"column":7}},"136":{"start":{"line":251,"column":6},"end":{"line":259,"column":7}},"137":{"start":{"line":252,"column":8},"end":{"line":256,"column":11}},"138":{"start":{"line":253,"column":10},"end":{"line":253,"column":63}},"139":{"start":{"line":255,"column":10},"end":{"line":255,"column":48}},"140":{"start":{"line":258,"column":8},"end":{"line":258,"column":59}},"141":{"start":{"line":269,"column":19},"end":{"line":269,"column":23}},"142":{"start":{"line":271,"column":6},"end":{"line":291,"column":9}},"143":{"start":{"line":272,"column":8},"end":{"line":272,"column":39}},"144":{"start":{"line":273,"column":25},"end":{"line":273,"column":52}},"145":{"start":{"line":274,"column":17},"end":{"line":274,"column":42}},"146":{"start":{"line":275,"column":21},"end":{"line":275,"column":45}},"147":{"start":{"line":277,"column":20},"end":{"line":277,"column":41}},"148":{"start":{"line":278,"column":23},"end":{"line":278,"column":37}},"149":{"start":{"line":279,"column":8},"end":{"line":279,"column":41}},"150":{"start":{"line":281,"column":8},"end":{"line":290,"column":11}},"151":{"start":{"line":286,"column":10},"end":{"line":288,"column":11}},"152":{"start":{"line":287,"column":12},"end":{"line":287,"column":28}},"153":{"start":{"line":289,"column":10},"end":{"line":289,"column":25}},"154":{"start":{"line":301,"column":16},"end":{"line":301,"column":30}},"155":{"start":{"line":304,"column":6},"end":{"line":304,"column":23}},"156":{"start":{"line":306,"column":19},"end":{"line":309,"column":7}},"157":{"start":{"line":311,"column":6},"end":{"line":315,"column":9}},"158":{"start":{"line":312,"column":8},"end":{"line":312,"column":73}},"159":{"start":{"line":314,"column":8},"end":{"line":314,"column":46}},"160":{"start":{"line":325,"column":16},"end":{"line":325,"column":30}},"161":{"start":{"line":328,"column":6},"end":{"line":328,"column":23}},"162":{"start":{"line":330,"column":19},"end":{"line":333,"column":7}},"163":{"start":{"line":335,"column":6},"end":{"line":343,"column":7}},"164":{"start":{"line":336,"column":8},"end":{"line":340,"column":11}},"165":{"start":{"line":337,"column":10},"end":{"line":337,"column":63}},"166":{"start":{"line":339,"column":10},"end":{"line":339,"column":48}},"167":{"start":{"line":342,"column":8},"end":{"line":342,"column":59}},"168":{"start":{"line":347,"column":2},"end":{"line":347,"column":27}},"169":{"start":{"line":350,"column":0},"end":{"line":350,"column":36}}},"fnMap":{"0":{"name":"(anonymous_0)","decl":{"start":{"line":7,"column":21},"end":{"line":7,"column":22}},"loc":{"start":{"line":7,"column":33},"end":{"line":7,"column":661}},"line":7},"1":{"name":"sliceIterator","decl":{"start":{"line":7,"column":44},"end":{"line":7,"column":57}},"loc":{"start":{"line":7,"column":66},"end":{"line":7,"column":428}},"line":7},"2":{"name":"(anonymous_2)","decl":{"start":{"line":7,"column":436},"end":{"line":7,"column":437}},"loc":{"start":{"line":7,"column":454},"end":{"line":7,"column":658}},"line":7},"3":{"name":"(anonymous_3)","decl":{"start":{"line":9,"column":19},"end":{"line":9,"column":20}},"loc":{"start":{"line":9,"column":31},"end":{"line":9,"column":561}},"line":9},"4":{"name":"defineProperties","decl":{"start":{"line":9,"column":42},"end":{"line":9,"column":58}},"loc":{"start":{"line":9,"column":74},"end":{"line":9,"column":349}},"line":9},"5":{"name":"(anonymous_5)","decl":{"start":{"line":9,"column":357},"end":{"line":9,"column":358}},"loc":{"start":{"line":9,"column":405},"end":{"line":9,"column":558}},"line":9},"6":{"name":"_interopRequireDefault","decl":{"start":{"line":35,"column":9},"end":{"line":35,"column":31}},"loc":{"start":{"line":35,"column":37},"end":{"line":35,"column":95}},"line":35},"7":{"name":"_classCallCheck","decl":{"start":{"line":37,"column":9},"end":{"line":37,"column":24}},"loc":{"start":{"line":37,"column":48},"end":{"line":37,"column":153}},"line":37},"8":{"name":"defaultResponse","decl":{"start":{"line":44,"column":31},"end":{"line":44,"column":46}},"loc":{"start":{"line":44,"column":53},"end":{"line":50,"column":1}},"line":44},"9":{"name":"errorResponse","decl":{"start":{"line":57,"column":29},"end":{"line":57,"column":42}},"loc":{"start":{"line":57,"column":52},"end":{"line":62,"column":1}},"line":57},"10":{"name":"(anonymous_10)","decl":{"start":{"line":68,"column":24},"end":{"line":68,"column":25}},"loc":{"start":{"line":68,"column":36},"end":{"line":348,"column":1}},"line":68},"11":{"name":"HistoryController","decl":{"start":{"line":69,"column":11},"end":{"line":69,"column":28}},"loc":{"start":{"line":69,"column":37},"end":{"line":87,"column":3}},"line":69},"12":{"name":"post","decl":{"start":{"line":91,"column":26},"end":{"line":91,"column":30}},"loc":{"start":{"line":91,"column":36},"end":{"line":130,"column":5}},"line":91},"13":{"name":"postBack","decl":{"start":{"line":133,"column":26},"end":{"line":133,"column":34}},"loc":{"start":{"line":133,"column":40},"end":{"line":147,"column":5}},"line":133},"14":{"name":"postToApi","decl":{"start":{"line":150,"column":20},"end":{"line":150,"column":29}},"loc":{"start":{"line":150,"column":41},"end":{"line":164,"column":5}},"line":150},"15":{"name":"(anonymous_15)","decl":{"start":{"line":154,"column":25},"end":{"line":154,"column":26}},"loc":{"start":{"line":154,"column":52},"end":{"line":163,"column":7}},"line":154},"16":{"name":"(anonymous_16)","decl":{"start":{"line":157,"column":11},"end":{"line":157,"column":12}},"loc":{"start":{"line":157,"column":43},"end":{"line":162,"column":9}},"line":157},"17":{"name":"upload","decl":{"start":{"line":172,"column":20},"end":{"line":172,"column":26}},"loc":{"start":{"line":172,"column":39},"end":{"line":199,"column":5}},"line":172},"18":{"name":"(anonymous_18)","decl":{"start":{"line":175,"column":25},"end":{"line":175,"column":26}},"loc":{"start":{"line":175,"column":52},"end":{"line":198,"column":7}},"line":175},"19":{"name":"(anonymous_19)","decl":{"start":{"line":191,"column":11},"end":{"line":191,"column":12}},"loc":{"start":{"line":191,"column":30},"end":{"line":197,"column":9}},"line":191},"20":{"name":"uploadVideo","decl":{"start":{"line":207,"column":20},"end":{"line":207,"column":31}},"loc":{"start":{"line":207,"column":38},"end":{"line":232,"column":5}},"line":207},"21":{"name":"(anonymous_21)","decl":{"start":{"line":210,"column":25},"end":{"line":210,"column":26}},"loc":{"start":{"line":210,"column":52},"end":{"line":231,"column":7}},"line":210},"22":{"name":"(anonymous_22)","decl":{"start":{"line":224,"column":11},"end":{"line":224,"column":12}},"loc":{"start":{"line":224,"column":30},"end":{"line":230,"column":9}},"line":224},"23":{"name":"getVideoThumb","decl":{"start":{"line":240,"column":20},"end":{"line":240,"column":33}},"loc":{"start":{"line":240,"column":44},"end":{"line":260,"column":5}},"line":240},"24":{"name":"(anonymous_24)","decl":{"start":{"line":252,"column":75},"end":{"line":252,"column":76}},"loc":{"start":{"line":252,"column":90},"end":{"line":254,"column":9}},"line":252},"25":{"name":"(anonymous_25)","decl":{"start":{"line":254,"column":24},"end":{"line":254,"column":25}},"loc":{"start":{"line":254,"column":36},"end":{"line":256,"column":9}},"line":254},"26":{"name":"uploadImage","decl":{"start":{"line":268,"column":20},"end":{"line":268,"column":31}},"loc":{"start":{"line":268,"column":38},"end":{"line":292,"column":5}},"line":268},"27":{"name":"(anonymous_27)","decl":{"start":{"line":271,"column":25},"end":{"line":271,"column":26}},"loc":{"start":{"line":271,"column":52},"end":{"line":291,"column":7}},"line":271},"28":{"name":"(anonymous_28)","decl":{"start":{"line":285,"column":11},"end":{"line":285,"column":12}},"loc":{"start":{"line":285,"column":30},"end":{"line":290,"column":9}},"line":285},"29":{"name":"getImage","decl":{"start":{"line":300,"column":20},"end":{"line":300,"column":28}},"loc":{"start":{"line":300,"column":39},"end":{"line":316,"column":5}},"line":300},"30":{"name":"(anonymous_30)","decl":{"start":{"line":311,"column":73},"end":{"line":311,"column":74}},"loc":{"start":{"line":311,"column":85},"end":{"line":313,"column":7}},"line":311},"31":{"name":"(anonymous_31)","decl":{"start":{"line":313,"column":22},"end":{"line":313,"column":23}},"loc":{"start":{"line":313,"column":34},"end":{"line":315,"column":7}},"line":313},"32":{"name":"getImageThumb","decl":{"start":{"line":324,"column":20},"end":{"line":324,"column":33}},"loc":{"start":{"line":324,"column":44},"end":{"line":344,"column":5}},"line":324},"33":{"name":"(anonymous_33)","decl":{"start":{"line":336,"column":75},"end":{"line":336,"column":76}},"loc":{"start":{"line":336,"column":90},"end":{"line":338,"column":9}},"line":336},"34":{"name":"(anonymous_34)","decl":{"start":{"line":338,"column":24},"end":{"line":338,"column":25}},"loc":{"start":{"line":338,"column":36},"end":{"line":340,"column":9}},"line":338}},"branchMap":{"0":{"loc":{"start":{"line":7,"column":247},"end":{"line":7,"column":281}},"type":"if","locations":[{"start":{"line":7,"column":247},"end":{"line":7,"column":281}},{"start":{"line":7,"column":247},"end":{"line":7,"column":281}}],"line":7},"1":{"loc":{"start":{"line":7,"column":251},"end":{"line":7,"column":273}},"type":"binary-expr","locations":[{"start":{"line":7,"column":251},"end":{"line":7,"column":252}},{"start":{"line":7,"column":256},"end":{"line":7,"column":273}}],"line":7},"2":{"loc":{"start":{"line":7,"column":339},"end":{"line":7,"column":379}},"type":"if","locations":[{"start":{"line":7,"column":339},"end":{"line":7,"column":379}},{"start":{"line":7,"column":339},"end":{"line":7,"column":379}}],"line":7},"3":{"loc":{"start":{"line":7,"column":343},"end":{"line":7,"column":362}},"type":"binary-expr","locations":[{"start":{"line":7,"column":343},"end":{"line":7,"column":346}},{"start":{"line":7,"column":350},"end":{"line":7,"column":362}}],"line":7},"4":{"loc":{"start":{"line":7,"column":392},"end":{"line":7,"column":409}},"type":"if","locations":[{"start":{"line":7,"column":392},"end":{"line":7,"column":409}},{"start":{"line":7,"column":392},"end":{"line":7,"column":409}}],"line":7},"5":{"loc":{"start":{"line":7,"column":456},"end":{"line":7,"column":656}},"type":"if","locations":[{"start":{"line":7,"column":456},"end":{"line":7,"column":656}},{"start":{"line":7,"column":456},"end":{"line":7,"column":656}}],"line":7},"6":{"loc":{"start":{"line":7,"column":501},"end":{"line":7,"column":656}},"type":"if","locations":[{"start":{"line":7,"column":501},"end":{"line":7,"column":656}},{"start":{"line":7,"column":501},"end":{"line":7,"column":656}}],"line":7},"7":{"loc":{"start":{"line":9,"column":168},"end":{"line":9,"column":198}},"type":"binary-expr","locations":[{"start":{"line":9,"column":168},"end":{"line":9,"column":189}},{"start":{"line":9,"column":193},"end":{"line":9,"column":198}}],"line":9},"8":{"loc":{"start":{"line":9,"column":232},"end":{"line":9,"column":286}},"type":"if","locations":[{"start":{"line":9,"column":232},"end":{"line":9,"column":286}},{"start":{"line":9,"column":232},"end":{"line":9,"column":286}}],"line":9},"9":{"loc":{"start":{"line":9,"column":407},"end":{"line":9,"column":475}},"type":"if","locations":[{"start":{"line":9,"column":407},"end":{"line":9,"column":475}},{"start":{"line":9,"column":407},"end":{"line":9,"column":475}}],"line":9},"10":{"loc":{"start":{"line":9,"column":476},"end":{"line":9,"column":536}},"type":"if","locations":[{"start":{"line":9,"column":476},"end":{"line":9,"column":536}},{"start":{"line":9,"column":476},"end":{"line":9,"column":536}}],"line":9},"11":{"loc":{"start":{"line":35,"column":46},"end":{"line":35,"column":92}},"type":"cond-expr","locations":[{"start":{"line":35,"column":70},"end":{"line":35,"column":73}},{"start":{"line":35,"column":76},"end":{"line":35,"column":92}}],"line":35},"12":{"loc":{"start":{"line":35,"column":46},"end":{"line":35,"column":67}},"type":"binary-expr","locations":[{"start":{"line":35,"column":46},"end":{"line":35,"column":49}},{"start":{"line":35,"column":53},"end":{"line":35,"column":67}}],"line":35},"13":{"loc":{"start":{"line":37,"column":50},"end":{"line":37,"column":151}},"type":"if","locations":[{"start":{"line":37,"column":50},"end":{"line":37,"column":151}},{"start":{"line":37,"column":50},"end":{"line":37,"column":151}}],"line":37},"14":{"loc":{"start":{"line":45,"column":19},"end":{"line":45,"column":110}},"type":"cond-expr","locations":[{"start":{"line":45,"column":72},"end":{"line":45,"column":84}},{"start":{"line":45,"column":87},"end":{"line":45,"column":110}}],"line":45},"15":{"loc":{"start":{"line":45,"column":19},"end":{"line":45,"column":69}},"type":"binary-expr","locations":[{"start":{"line":45,"column":19},"end":{"line":45,"column":39}},{"start":{"line":45,"column":43},"end":{"line":45,"column":69}}],"line":45},"16":{"loc":{"start":{"line":58,"column":19},"end":{"line":58,"column":119}},"type":"cond-expr","locations":[{"start":{"line":58,"column":72},"end":{"line":58,"column":84}},{"start":{"line":58,"column":87},"end":{"line":58,"column":119}}],"line":58},"17":{"loc":{"start":{"line":58,"column":19},"end":{"line":58,"column":69}},"type":"binary-expr","locations":[{"start":{"line":58,"column":19},"end":{"line":58,"column":39}},{"start":{"line":58,"column":43},"end":{"line":58,"column":69}}],"line":58},"18":{"loc":{"start":{"line":140,"column":8},"end":{"line":142,"column":9}},"type":"if","locations":[{"start":{"line":140,"column":8},"end":{"line":142,"column":9}},{"start":{"line":140,"column":8},"end":{"line":142,"column":9}}],"line":140},"19":{"loc":{"start":{"line":158,"column":10},"end":{"line":160,"column":11}},"type":"if","locations":[{"start":{"line":158,"column":10},"end":{"line":160,"column":11}},{"start":{"line":158,"column":10},"end":{"line":160,"column":11}}],"line":158},"20":{"loc":{"start":{"line":158,"column":14},"end":{"line":158,"column":56}},"type":"binary-expr","locations":[{"start":{"line":158,"column":14},"end":{"line":158,"column":25}},{"start":{"line":158,"column":29},"end":{"line":158,"column":56}}],"line":158},"21":{"loc":{"start":{"line":177,"column":24},"end":{"line":177,"column":56}},"type":"cond-expr","locations":[{"start":{"line":177,"column":43},"end":{"line":177,"column":48}},{"start":{"line":177,"column":51},"end":{"line":177,"column":56}}],"line":177},"22":{"loc":{"start":{"line":178,"column":21},"end":{"line":178,"column":59}},"type":"cond-expr","locations":[{"start":{"line":178,"column":40},"end":{"line":178,"column":48}},{"start":{"line":178,"column":51},"end":{"line":178,"column":59}}],"line":178},"23":{"loc":{"start":{"line":192,"column":10},"end":{"line":194,"column":11}},"type":"if","locations":[{"start":{"line":192,"column":10},"end":{"line":194,"column":11}},{"start":{"line":192,"column":10},"end":{"line":194,"column":11}}],"line":192},"24":{"loc":{"start":{"line":225,"column":10},"end":{"line":227,"column":11}},"type":"if","locations":[{"start":{"line":225,"column":10},"end":{"line":227,"column":11}},{"start":{"line":225,"column":10},"end":{"line":227,"column":11}}],"line":225},"25":{"loc":{"start":{"line":286,"column":10},"end":{"line":288,"column":11}},"type":"if","locations":[{"start":{"line":286,"column":10},"end":{"line":288,"column":11}},{"start":{"line":286,"column":10},"end":{"line":288,"column":11}}],"line":286}},"s":{"0":1,"1":1,"2":0,"3":0,"4":0,"5":0,"6":0,"7":0,"8":0,"9":0,"10":0,"11":0,"12":0,"13":0,"14":0,"15":0,"16":0,"17":0,"18":0,"19":1,"20":0,"21":0,"22":0,"23":0,"24":0,"25":1,"26":1,"27":9,"28":9,"29":9,"30":9,"31":9,"32":9,"33":1,"34":1,"35":1,"36":1,"37":0,"38":1,"39":1,"40":1,"41":1,"42":1,"43":1,"44":1,"45":1,"46":1,"47":1,"48":1,"49":1,"50":1,"51":6,"52":1,"53":0,"54":1,"55":0,"56":0,"57":1,"58":0,"59":0,"60":1,"61":1,"62":1,"63":1,"64":1,"65":1,"66":1,"67":1,"68":0,"69":0,"70":0,"71":0,"72":0,"73":0,"74":0,"75":0,"76":0,"77":0,"78":0,"79":0,"80":0,"81":0,"82":0,"83":0,"84":0,"85":0,"86":0,"87":0,"88":0,"89":0,"90":0,"91":0,"92":0,"93":0,"94":0,"95":0,"96":0,"97":0,"98":0,"99":0,"100":0,"101":0,"102":0,"103":0,"104":0,"105":0,"106":0,"107":0,"108":0,"109":0,"110":0,"111":0,"112":0,"113":0,"114":0,"115":0,"116":0,"117":0,"118":0,"119":0,"120":0,"121":0,"122":0,"123":0,"124":0,"125":0,"126":0,"127":0,"128":0,"129":0,"130":0,"131":0,"132":0,"133":0,"134":0,"135":0,"136":0,"137":0,"138":0,"139":0,"140":0,"141":0,"142":0,"143":0,"144":0,"145":0,"146":0,"147":0,"148":0,"149":0,"150":0,"151":0,"152":0,"153":0,"154":0,"155":0,"156":0,"157":0,"158":0,"159":0,"160":0,"161":0,"162":0,"163":0,"164":0,"165":0,"166":0,"167":0,"168":1,"169":1},"f":{"0":1,"1":0,"2":0,"3":1,"4":1,"5":1,"6":6,"7":1,"8":0,"9":0,"10":1,"11":1,"12":0,"13":0,"14":0,"15":0,"16":0,"17":0,"18":0,"19":0,"20":0,"21":0,"22":0,"23":0,"24":0,"25":0,"26":0,"27":0,"28":0,"29":0,"30":0,"31":0,"32":0,"33":0,"34":0},"b":{"0":[0,0],"1":[0,0],"2":[0,0],"3":[0,0],"4":[0,0],"5":[0,0],"6":[0,0],"7":[9,9],"8":[9,0],"9":[1,0],"10":[0,1],"11":[1,5],"12":[6,6],"13":[0,1],"14":[0,0],"15":[0,0],"16":[0,0],"17":[0,0],"18":[0,0],"19":[0,0],"20":[0,0],"21":[0,0],"22":[0,0],"23":[0,0],"24":[0,0],"25":[0,0]},"_coverageSchema":"d34fc3e6b8297bcde183f5492bcb8fcb36775295","hash":"0ed33f3d01fb3af5fcf6271dbd778ee0b0ea0690","contentHash":"6090c87a8c62622954deeb5fe9b98cae_12.0.2"}}